6c6
<       "tag": "AlCaRecoHLTpaths8e29_5e33_v14_prompt",
---
>       "tag": "AlCaRecoHLTpaths8e29_1e31_v15_hlt",
20,47d19
<     },
<     {
<       "connectionString": "frontier://FrontierProd/CMS_CONDITIONS",
<       "label": "SecondaryDatasetTrigger",
<       "tag": "AlCaRecoTriggerBits_SecondaryDataset_v1",
<       "timeLookupPayloadIds": []
<     },
<     {
<       "connectionString": "frontier://FrontierProd/CMS_CONDITIONS",
<       "label": "SiStripDQMTrigger",
<       "tag": "AlCaRecoTriggerBits_TrackerDQM_v2_prompt",
<       "timeLookupPayloadIds": []
<     }
<   ],
<   "AlignPCLThresholdsHGRcd": [
<     {
<       "connectionString": "frontier://FrontierProd/CMS_CONDITIONS",
<       "label": "",
<       "tag": "SiPixelAliThresholdsHG_express_v0",
<       "timeLookupPayloadIds": []
<     }
<   ],
<   "AlignPCLThresholdsRcd": [
<     {
<       "connectionString": "frontier://FrontierProd/CMS_CONDITIONS",
<       "label": "",
<       "tag": "SiPixelAliThresholds_express_v0",
<       "timeLookupPayloadIds": []
54c26
<       "tag": "TrackProbabilityCalibration_PDF2D_express",
---
>       "tag": "TrackProbabilityCalibration_PDF2D_hlt",
62c34
<       "tag": "TrackProbabilityCalibration_PDF3D_express",
---
>       "tag": "TrackProbabilityCalibration_PDF3D_hlt",
70c42
<       "tag": "BeamSpotObjects_PCL_byLumi_v0_prompt",
---
>       "tag": "BeamSpotObjects_PCL_byRun_v0_hlt",
73,75c45,47
<           "payloadId": "20cbff3b7498088a8e355d1bec7b6300fe593bff",
<           "since": 1661310529961985,
<           "till": 1661314824929281
---
>           "payloadId": "546badfd128fc9733c702770f90d2e124c5e4f23",
>           "since": 386802,
>           "till": 386814
112c84
<       "tag": "CSCAlignmentErrorExtended_6x6_express",
---
>       "tag": "CSCAlignmentErrorExtended_6x6_hlt",
126c98
<       "tag": "CSCAlignment_2009_v2_express",
---
>       "tag": "CSCAlignment_2009_v1_hlt",
131c103
<           "till": 387803
---
>           "till": 387806
140c112
<       "tag": "CSCBadChambers_RunDependent_prompt",
---
>       "tag": "CSCBadChambers_2009_v1_hlt",
148c120
<       "tag": "CSCBadStrips_prompt",
---
>       "tag": "CSCBadStrips_hlt",
156c128
<       "tag": "CSCBadWires_prompt",
---
>       "tag": "CSCBadWires_hlt",
204c176
<       "tag": "CSCDBCrosstalk_v2_express",
---
>       "tag": "CSCDBCrosstalk_v2_hlt",
212c184
<       "tag": "CSCDBGains_express",
---
>       "tag": "CSCDBGains_hlt",
236c208
<       "tag": "CSCDBNoiseMatrix_express",
---
>       "tag": "CSCDBNoiseMatrix_hlt",
244c216
<       "tag": "CSCDBPedestals_express",
---
>       "tag": "CSCDBPedestals_hlt",
255a228,235
>   "CSCL1TPParametersRcd": [
>     {
>       "connectionString": "frontier://FrontierProd/CMS_CONDITIONS",
>       "label": "",
>       "tag": "CSCL1TPParameters_2010_hlt",
>       "timeLookupPayloadIds": []
>     }
>   ],
288c268
<       "tag": "PPSOpticalFunctions_prompt_v9",
---
>       "tag": "PPSOpticalFunctions_hlt_v10",
312,326c292
<       "tag": "CTPPSPixelGainCalibrations_Run3_v1_prompt",
<       "timeLookupPayloadIds": []
<     }
<   ],
<   "DQMXMLFileRcd": [
<     {
<       "connectionString": "frontier://FrontierProd/CMS_CONDITIONS",
<       "label": "SiPixelDQMQTests",
<       "tag": "DQMXMLFile_SiPixelDQM_v1_prompt",
<       "timeLookupPayloadIds": []
<     },
<     {
<       "connectionString": "frontier://FrontierProd/CMS_CONDITIONS",
<       "label": "SiStripDQMQTests",
<       "tag": "DQMXMLFile_SiStripDQM_v1_prompt",
---
>       "tag": "CTPPSPixelGainCalibrations_Run3_v1_hlt",
334c300
<       "tag": "DTAlignmentErrorExtended_6x6_express",
---
>       "tag": "DTAlignmentErrorExtended_6x6_hlt",
342c308
<       "tag": "DTAlignment_2009_v1_express",
---
>       "tag": "DTAlignment_2009_v1_hlt",
362,369d327
<   "DTHVStatusRcd": [
<     {
<       "connectionString": "frontier://FrontierProd/CMS_CONDITIONS",
<       "label": "",
<       "tag": "DTHVStatus_V05_hlt",
<       "timeLookupPayloadIds": []
<     }
<   ],
390c348
<       "tag": "DT_vDrift_cosmic2009_V01_express",
---
>       "tag": "DT_vDrift_cosmic2009_V01_hlt",
430c388
<       "tag": "DT_t0_cosmic2009_V01_ModCorr_express",
---
>       "tag": "DT_t0_cosmic2009_V01_hlt",
446c404
<       "tag": "DTTtrig_V01_prompt",
---
>       "tag": "DTTtrig_V01_hlt",
452,468c410
<       "tag": "DT_tTrig_cosmics_2009_v3_prompt",
<       "timeLookupPayloadIds": []
<     }
<   ],
<   "DYTThrObjectRcd": [
<     {
<       "connectionString": "frontier://FrontierProd/CMS_CONDITIONS",
<       "label": "",
<       "tag": "DYTThrObject_v0_express",
<       "timeLookupPayloadIds": []
<     }
<   ],
<   "DropBoxMetadataRcd": [
<     {
<       "connectionString": "frontier://FrontierProd/CMS_CONDITIONS",
<       "label": "",
<       "tag": "DropBoxMetadata_v8.5_express",
---
>       "tag": "DT_tTrig_cosmics_2009_v3_hlt",
476c418
<       "tag": "EBAlignment_measured_v01_express",
---
>       "tag": "EBAlignment_hlt",
490c432
<       "tag": "EEAlignment_measured_v02_express",
---
>       "tag": "EEAlignment_hlt",
504c446
<       "tag": "ESAlignment_measured_v01_express",
---
>       "tag": "ESAlignment_hlt",
526c468
<       "tag": "ESChannelStatus_V01_prompt",
---
>       "tag": "ESChannelStatus_V01_hlt",
529,530c471,472
<           "payloadId": "0d9254f074ac87f2eda0ce233ac4dfcdbd744d8e",
<           "since": 385905,
---
>           "payloadId": "3debf4ccab401d54c6c18cb6e76155934afbcb0d",
>           "since": 325576,
540c482
<       "tag": "ESEEIntercalibConstants_V01_prompt",
---
>       "tag": "ESEEIntercalibConstants_V03_hlt",
544c486
<           "since": 337365,
---
>           "since": 337349,
554c496
<       "tag": "ESGain_V01_prompt",
---
>       "tag": "ESGain_V01_hlt",
562c504
<       "tag": "ESIntercalibConstants_V01_prompt",
---
>       "tag": "ESIntercalibConstants_V08_hlt",
594c536
<       "tag": "ESRecHitRatioCuts_V01_prompt",
---
>       "tag": "ESRecHitRatioCuts_V01_hlt",
610c552
<       "tag": "ESTimeSampleWeights_V01_prompt",
---
>       "tag": "ESTimeSampleWeights_V01_hlt",
618c560
<       "tag": "EcalADCToGeVConstant_V1_express",
---
>       "tag": "EcalADCToGeVConstant_V1_hlt",
626c568
<       "tag": "EcalChannelStatus_v1_prompt",
---
>       "tag": "EcalChannelStatus_v1_hlt",
630,631c572,573
<           "since": 386618,
<           "till": 386853
---
>           "since": 386629,
>           "till": 386859
696c638
<       "tag": "EcalDQMChannelStatus_v1_express",
---
>       "tag": "EcalDQMChannelStatus_v1_hlt",
704c646
<       "tag": "EcalDQMTowerStatus_v1_express",
---
>       "tag": "EcalDQMTowerStatus_v1_hlt",
712c654
<       "tag": "EcalGainRatios_TestPulse_express",
---
>       "tag": "EcalGainRatios_TestPulse_v1_hlt",
720c662
<       "tag": "EcalIntercalibConstants_V1_prompt",
---
>       "tag": "EcalIntercalibConstants_V1_hlt",
736c678
<       "tag": "EcalLaserAPDPNRatios_prompt_v3",
---
>       "tag": "EcalLaserAPDPNRatios_weekly_hlt",
744c686
<       "tag": "EcalLaserAPDPNRatiosRef_v2_prompt",
---
>       "tag": "EcalLaserAPDPNRatiosRef_v2_hlt",
752c694
<       "tag": "EcalLaserAlphas_v2_prompt",
---
>       "tag": "EcalLaserAlphas_v2_hlt",
790c732
<       "tag": "EcalPFRecHitThresholds_2018_v1_prompt",
---
>       "tag": "EcalPFRecHitThresholds_2018_v1_hlt",
798c740
<       "tag": "EcalPedestals_prompt",
---
>       "tag": "EcalPedestals_hlt",
814c756
<       "tag": "EcalPulseShapes_prompt",
---
>       "tag": "EcalPulseShapes_hlt",
862c804
<       "tag": "EcalTBWeights_EBEE_v01_express",
---
>       "tag": "EcalTBWeights_v1_hlt",
1030,1036c972
<       "tag": "EcalTimeCalibConstants_v01_ratio_only_prompt",
<       "timeLookupPayloadIds": []
<     },
<     {
<       "connectionString": "frontier://FrontierProd/CMS_CONDITIONS",
<       "label": "CC",
<       "tag": "EcalTimeCalibConstants_v01_prompt",
---
>       "tag": "EcalTimeCalibConstants_v3_hlt",
1044,1050c980
<       "tag": "EcalTimeOffsetConstant_v02_express",
<       "timeLookupPayloadIds": []
<     },
<     {
<       "connectionString": "frontier://FrontierProd/CMS_CONDITIONS",
<       "label": "CC",
<       "tag": "EcalTimeOffsetConstant_v01_express",
---
>       "tag": "EcalTimeOffsetConstant_v01_hlt",
1161,1694d1090
<       "label": "ecalPFClusterCorV2_EB_pfSize1_mean_25ns",
<       "tag": "ecalPFClusterCorV2_EB_pfSize1_mean_25ns",
<       "timeLookupPayloadIds": []
<     },
<     {
<       "connectionString": "frontier://FrontierProd/CMS_CONDITIONS",
<       "label": "ecalPFClusterCorV2_EB_pfSize1_mean_50ns",
<       "tag": "ecalPFClusterCorV2_EB_pfSize1_mean_50ns",
<       "timeLookupPayloadIds": []
<     },
<     {
<       "connectionString": "frontier://FrontierProd/CMS_CONDITIONS",
<       "label": "ecalPFClusterCorV2_EB_pfSize1_sigma_25ns",
<       "tag": "ecalPFClusterCorV2_EB_pfSize1_sigma_25ns",
<       "timeLookupPayloadIds": []
<     },
<     {
<       "connectionString": "frontier://FrontierProd/CMS_CONDITIONS",
<       "label": "ecalPFClusterCorV2_EB_pfSize1_sigma_50ns",
<       "tag": "ecalPFClusterCorV2_EB_pfSize1_sigma_50ns",
<       "timeLookupPayloadIds": []
<     },
<     {
<       "connectionString": "frontier://FrontierProd/CMS_CONDITIONS",
<       "label": "ecalPFClusterCorV2_EB_pfSize2_mean_25ns",
<       "tag": "ecalPFClusterCorV2_EB_pfSize2_mean_25ns",
<       "timeLookupPayloadIds": []
<     },
<     {
<       "connectionString": "frontier://FrontierProd/CMS_CONDITIONS",
<       "label": "ecalPFClusterCorV2_EB_pfSize2_mean_50ns",
<       "tag": "ecalPFClusterCorV2_EB_pfSize2_mean_50ns",
<       "timeLookupPayloadIds": []
<     },
<     {
<       "connectionString": "frontier://FrontierProd/CMS_CONDITIONS",
<       "label": "ecalPFClusterCorV2_EB_pfSize2_sigma_25ns",
<       "tag": "ecalPFClusterCorV2_EB_pfSize2_sigma_25ns",
<       "timeLookupPayloadIds": []
<     },
<     {
<       "connectionString": "frontier://FrontierProd/CMS_CONDITIONS",
<       "label": "ecalPFClusterCorV2_EB_pfSize2_sigma_50ns",
<       "tag": "ecalPFClusterCorV2_EB_pfSize2_sigma_50ns",
<       "timeLookupPayloadIds": []
<     },
<     {
<       "connectionString": "frontier://FrontierProd/CMS_CONDITIONS",
<       "label": "ecalPFClusterCorV2_EB_pfSize3_ptbin1_mean_25ns",
<       "tag": "ecalPFClusterCorV2_EB_pfSize3_ptbin1_mean_25ns",
<       "timeLookupPayloadIds": []
<     },
<     {
<       "connectionString": "frontier://FrontierProd/CMS_CONDITIONS",
<       "label": "ecalPFClusterCorV2_EB_pfSize3_ptbin1_mean_50ns",
<       "tag": "ecalPFClusterCorV2_EB_pfSize3_ptbin1_mean_50ns",
<       "timeLookupPayloadIds": []
<     },
<     {
<       "connectionString": "frontier://FrontierProd/CMS_CONDITIONS",
<       "label": "ecalPFClusterCorV2_EB_pfSize3_ptbin1_sigma_25ns",
<       "tag": "ecalPFClusterCorV2_EB_pfSize3_ptbin1_sigma_25ns",
<       "timeLookupPayloadIds": []
<     },
<     {
<       "connectionString": "frontier://FrontierProd/CMS_CONDITIONS",
<       "label": "ecalPFClusterCorV2_EB_pfSize3_ptbin1_sigma_50ns",
<       "tag": "ecalPFClusterCorV2_EB_pfSize3_ptbin1_sigma_50ns",
<       "timeLookupPayloadIds": []
<     },
<     {
<       "connectionString": "frontier://FrontierProd/CMS_CONDITIONS",
<       "label": "ecalPFClusterCorV2_EB_pfSize3_ptbin2_mean_25ns",
<       "tag": "ecalPFClusterCorV2_EB_pfSize3_ptbin2_mean_25ns",
<       "timeLookupPayloadIds": []
<     },
<     {
<       "connectionString": "frontier://FrontierProd/CMS_CONDITIONS",
<       "label": "ecalPFClusterCorV2_EB_pfSize3_ptbin2_mean_50ns",
<       "tag": "ecalPFClusterCorV2_EB_pfSize3_ptbin2_mean_50ns",
<       "timeLookupPayloadIds": []
<     },
<     {
<       "connectionString": "frontier://FrontierProd/CMS_CONDITIONS",
<       "label": "ecalPFClusterCorV2_EB_pfSize3_ptbin2_sigma_25ns",
<       "tag": "ecalPFClusterCorV2_EB_pfSize3_ptbin2_sigma_25ns",
<       "timeLookupPayloadIds": []
<     },
<     {
<       "connectionString": "frontier://FrontierProd/CMS_CONDITIONS",
<       "label": "ecalPFClusterCorV2_EB_pfSize3_ptbin2_sigma_50ns",
<       "tag": "ecalPFClusterCorV2_EB_pfSize3_ptbin2_sigma_50ns",
<       "timeLookupPayloadIds": []
<     },
<     {
<       "connectionString": "frontier://FrontierProd/CMS_CONDITIONS",
<       "label": "ecalPFClusterCorV2_EB_pfSize3_ptbin3_mean_25ns",
<       "tag": "ecalPFClusterCorV2_EB_pfSize3_ptbin3_mean_25ns",
<       "timeLookupPayloadIds": []
<     },
<     {
<       "connectionString": "frontier://FrontierProd/CMS_CONDITIONS",
<       "label": "ecalPFClusterCorV2_EB_pfSize3_ptbin3_mean_50ns",
<       "tag": "ecalPFClusterCorV2_EB_pfSize3_ptbin3_mean_50ns",
<       "timeLookupPayloadIds": []
<     },
<     {
<       "connectionString": "frontier://FrontierProd/CMS_CONDITIONS",
<       "label": "ecalPFClusterCorV2_EB_pfSize3_ptbin3_sigma_25ns",
<       "tag": "ecalPFClusterCorV2_EB_pfSize3_ptbin3_sigma_25ns",
<       "timeLookupPayloadIds": []
<     },
<     {
<       "connectionString": "frontier://FrontierProd/CMS_CONDITIONS",
<       "label": "ecalPFClusterCorV2_EB_pfSize3_ptbin3_sigma_50ns",
<       "tag": "ecalPFClusterCorV2_EB_pfSize3_ptbin3_sigma_50ns",
<       "timeLookupPayloadIds": []
<     },
<     {
<       "connectionString": "frontier://FrontierProd/CMS_CONDITIONS",
<       "label": "ecalPFClusterCorV2_EE_pfSize1_mean_25ns",
<       "tag": "ecalPFClusterCorV2_EE_pfSize1_mean_25ns",
<       "timeLookupPayloadIds": []
<     },
<     {
<       "connectionString": "frontier://FrontierProd/CMS_CONDITIONS",
<       "label": "ecalPFClusterCorV2_EE_pfSize1_mean_50ns",
<       "tag": "ecalPFClusterCorV2_EE_pfSize1_mean_50ns",
<       "timeLookupPayloadIds": []
<     },
<     {
<       "connectionString": "frontier://FrontierProd/CMS_CONDITIONS",
<       "label": "ecalPFClusterCorV2_EE_pfSize1_sigma_25ns",
<       "tag": "ecalPFClusterCorV2_EE_pfSize1_sigma_25ns",
<       "timeLookupPayloadIds": []
<     },
<     {
<       "connectionString": "frontier://FrontierProd/CMS_CONDITIONS",
<       "label": "ecalPFClusterCorV2_EE_pfSize1_sigma_50ns",
<       "tag": "ecalPFClusterCorV2_EE_pfSize1_sigma_50ns",
<       "timeLookupPayloadIds": []
<     },
<     {
<       "connectionString": "frontier://FrontierProd/CMS_CONDITIONS",
<       "label": "ecalPFClusterCorV2_EE_pfSize2_mean_25ns",
<       "tag": "ecalPFClusterCorV2_EE_pfSize2_mean_25ns",
<       "timeLookupPayloadIds": []
<     },
<     {
<       "connectionString": "frontier://FrontierProd/CMS_CONDITIONS",
<       "label": "ecalPFClusterCorV2_EE_pfSize2_mean_50ns",
<       "tag": "ecalPFClusterCorV2_EE_pfSize2_mean_50ns",
<       "timeLookupPayloadIds": []
<     },
<     {
<       "connectionString": "frontier://FrontierProd/CMS_CONDITIONS",
<       "label": "ecalPFClusterCorV2_EE_pfSize2_sigma_25ns",
<       "tag": "ecalPFClusterCorV2_EE_pfSize2_sigma_25ns",
<       "timeLookupPayloadIds": []
<     },
<     {
<       "connectionString": "frontier://FrontierProd/CMS_CONDITIONS",
<       "label": "ecalPFClusterCorV2_EE_pfSize2_sigma_50ns",
<       "tag": "ecalPFClusterCorV2_EE_pfSize2_sigma_50ns",
<       "timeLookupPayloadIds": []
<     },
<     {
<       "connectionString": "frontier://FrontierProd/CMS_CONDITIONS",
<       "label": "ecalPFClusterCorV2_EE_pfSize3_ptbin1_mean_25ns",
<       "tag": "ecalPFClusterCorV2_EE_pfSize3_ptbin1_mean_25ns",
<       "timeLookupPayloadIds": []
<     },
<     {
<       "connectionString": "frontier://FrontierProd/CMS_CONDITIONS",
<       "label": "ecalPFClusterCorV2_EE_pfSize3_ptbin1_mean_50ns",
<       "tag": "ecalPFClusterCorV2_EE_pfSize3_ptbin1_mean_50ns",
<       "timeLookupPayloadIds": []
<     },
<     {
<       "connectionString": "frontier://FrontierProd/CMS_CONDITIONS",
<       "label": "ecalPFClusterCorV2_EE_pfSize3_ptbin1_sigma_25ns",
<       "tag": "ecalPFClusterCorV2_EE_pfSize3_ptbin1_sigma_25ns",
<       "timeLookupPayloadIds": []
<     },
<     {
<       "connectionString": "frontier://FrontierProd/CMS_CONDITIONS",
<       "label": "ecalPFClusterCorV2_EE_pfSize3_ptbin1_sigma_50ns",
<       "tag": "ecalPFClusterCorV2_EE_pfSize3_ptbin1_sigma_50ns",
<       "timeLookupPayloadIds": []
<     },
<     {
<       "connectionString": "frontier://FrontierProd/CMS_CONDITIONS",
<       "label": "ecalPFClusterCorV2_EE_pfSize3_ptbin2_mean_25ns",
<       "tag": "ecalPFClusterCorV2_EE_pfSize3_ptbin2_mean_25ns",
<       "timeLookupPayloadIds": []
<     },
<     {
<       "connectionString": "frontier://FrontierProd/CMS_CONDITIONS",
<       "label": "ecalPFClusterCorV2_EE_pfSize3_ptbin2_mean_50ns",
<       "tag": "ecalPFClusterCorV2_EE_pfSize3_ptbin2_mean_50ns",
<       "timeLookupPayloadIds": []
<     },
<     {
<       "connectionString": "frontier://FrontierProd/CMS_CONDITIONS",
<       "label": "ecalPFClusterCorV2_EE_pfSize3_ptbin2_sigma_25ns",
<       "tag": "ecalPFClusterCorV2_EE_pfSize3_ptbin2_sigma_25ns",
<       "timeLookupPayloadIds": []
<     },
<     {
<       "connectionString": "frontier://FrontierProd/CMS_CONDITIONS",
<       "label": "ecalPFClusterCorV2_EE_pfSize3_ptbin2_sigma_50ns",
<       "tag": "ecalPFClusterCorV2_EE_pfSize3_ptbin2_sigma_50ns",
<       "timeLookupPayloadIds": []
<     },
<     {
<       "connectionString": "frontier://FrontierProd/CMS_CONDITIONS",
<       "label": "ecalPFClusterCorV2_EE_pfSize3_ptbin3_mean_25ns",
<       "tag": "ecalPFClusterCorV2_EE_pfSize3_ptbin3_mean_25ns",
<       "timeLookupPayloadIds": []
<     },
<     {
<       "connectionString": "frontier://FrontierProd/CMS_CONDITIONS",
<       "label": "ecalPFClusterCorV2_EE_pfSize3_ptbin3_mean_50ns",
<       "tag": "ecalPFClusterCorV2_EE_pfSize3_ptbin3_mean_50ns",
<       "timeLookupPayloadIds": []
<     },
<     {
<       "connectionString": "frontier://FrontierProd/CMS_CONDITIONS",
<       "label": "ecalPFClusterCorV2_EE_pfSize3_ptbin3_sigma_25ns",
<       "tag": "ecalPFClusterCorV2_EE_pfSize3_ptbin3_sigma_25ns",
<       "timeLookupPayloadIds": []
<     },
<     {
<       "connectionString": "frontier://FrontierProd/CMS_CONDITIONS",
<       "label": "ecalPFClusterCorV2_EE_pfSize3_ptbin3_sigma_50ns",
<       "tag": "ecalPFClusterCorV2_EE_pfSize3_ptbin3_sigma_50ns",
<       "timeLookupPayloadIds": []
<     },
<     {
<       "connectionString": "frontier://FrontierProd/CMS_CONDITIONS",
<       "label": "electron_eb_ECALTRK",
<       "tag": "GEDelectron_track_EBCorrection_80X_EGM_v4",
<       "timeLookupPayloadIds": []
<     },
<     {
<       "connectionString": "frontier://FrontierProd/CMS_CONDITIONS",
<       "label": "electron_eb_ECALTRK_lowpt",
<       "tag": "GEDelectron_track_lowpt_EBCorrection_80X_EGM_v4",
<       "timeLookupPayloadIds": []
<     },
<     {
<       "connectionString": "frontier://FrontierProd/CMS_CONDITIONS",
<       "label": "electron_eb_ECALTRK_lowpt_var",
<       "tag": "GEDelectron_track_lowpt_EBUncertainty_80X_EGM_v4",
<       "timeLookupPayloadIds": []
<     },
<     {
<       "connectionString": "frontier://FrontierProd/CMS_CONDITIONS",
<       "label": "electron_eb_ECALTRK_var",
<       "tag": "GEDelectron_track_EBUncertainty_80X_EGM_v4",
<       "timeLookupPayloadIds": []
<     },
<     {
<       "connectionString": "frontier://FrontierProd/CMS_CONDITIONS",
<       "label": "electron_eb_ECALonly",
<       "tag": "GEDelectron_EBCorrection_Prompt_v1",
<       "timeLookupPayloadIds": []
<     },
<     {
<       "connectionString": "frontier://FrontierProd/CMS_CONDITIONS",
<       "label": "electron_eb_ECALonly_lowpt",
<       "tag": "GEDelectron_lowpt_EBCorrection_80X_EGM_v4",
<       "timeLookupPayloadIds": []
<     },
<     {
<       "connectionString": "frontier://FrontierProd/CMS_CONDITIONS",
<       "label": "electron_eb_ECALonly_lowpt_var",
<       "tag": "GEDelectron_lowpt_EBUncertainty_80X_EGM_v4",
<       "timeLookupPayloadIds": []
<     },
<     {
<       "connectionString": "frontier://FrontierProd/CMS_CONDITIONS",
<       "label": "electron_eb_ECALonly_var",
<       "tag": "GEDelectron_EBUncertainty_Prompt_v1",
<       "timeLookupPayloadIds": []
<     },
<     {
<       "connectionString": "frontier://FrontierProd/CMS_CONDITIONS",
<       "label": "electron_eb_ecalOnly_1To300_0p0002To0p5_sigma",
<       "tag": "electron_eb_ecalOnly_1To300_0p0002To0p5_sigma_Prompt_v1",
<       "timeLookupPayloadIds": []
<     },
<     {
<       "connectionString": "frontier://FrontierProd/CMS_CONDITIONS",
<       "label": "electron_eb_ecalOnly_1To300_0p2To2_mean",
<       "tag": "electron_eb_ecalOnly_1To300_0p2To2_mean_Prompt_v1",
<       "timeLookupPayloadIds": []
<     },
<     {
<       "connectionString": "frontier://FrontierProd/CMS_CONDITIONS",
<       "label": "electron_eb_ecalTrk_1To300_0p0002To0p5_sigma",
<       "tag": "electron_eb_ecalTrk_1To300_0p0002To0p5_sigma_Prompt_v1",
<       "timeLookupPayloadIds": []
<     },
<     {
<       "connectionString": "frontier://FrontierProd/CMS_CONDITIONS",
<       "label": "electron_eb_ecalTrk_1To300_0p2To2_mean",
<       "tag": "electron_eb_ecalTrk_1To300_0p2To2_mean_Prompt_v1",
<       "timeLookupPayloadIds": []
<     },
<     {
<       "connectionString": "frontier://FrontierProd/CMS_CONDITIONS",
<       "label": "electron_ee_ECALTRK",
<       "tag": "GEDelectron_track_EECorrection_80X_EGM_v4",
<       "timeLookupPayloadIds": []
<     },
<     {
<       "connectionString": "frontier://FrontierProd/CMS_CONDITIONS",
<       "label": "electron_ee_ECALTRK_lowpt",
<       "tag": "GEDelectron_track_lowpt_EECorrection_80X_EGM_v4",
<       "timeLookupPayloadIds": []
<     },
<     {
<       "connectionString": "frontier://FrontierProd/CMS_CONDITIONS",
<       "label": "electron_ee_ECALTRK_lowpt_var",
<       "tag": "GEDelectron_track_lowpt_EEUncertainty_80X_EGM_v4",
<       "timeLookupPayloadIds": []
<     },
<     {
<       "connectionString": "frontier://FrontierProd/CMS_CONDITIONS",
<       "label": "electron_ee_ECALTRK_var",
<       "tag": "GEDelectron_track_EEUncertainty_80X_EGM_v4",
<       "timeLookupPayloadIds": []
<     },
<     {
<       "connectionString": "frontier://FrontierProd/CMS_CONDITIONS",
<       "label": "electron_ee_ECALonly",
<       "tag": "GEDelectron_EECorrection_Prompt_v1",
<       "timeLookupPayloadIds": []
<     },
<     {
<       "connectionString": "frontier://FrontierProd/CMS_CONDITIONS",
<       "label": "electron_ee_ECALonly_lowpt",
<       "tag": "GEDelectron_lowpt_EECorrection_80X_EGM_v4",
<       "timeLookupPayloadIds": []
<     },
<     {
<       "connectionString": "frontier://FrontierProd/CMS_CONDITIONS",
<       "label": "electron_ee_ECALonly_lowpt_var",
<       "tag": "GEDelectron_lowpt_EEUncertainty_80X_EGM_v4",
<       "timeLookupPayloadIds": []
<     },
<     {
<       "connectionString": "frontier://FrontierProd/CMS_CONDITIONS",
<       "label": "electron_ee_ECALonly_var",
<       "tag": "GEDelectron_EEUncertainty_Prompt_v1",
<       "timeLookupPayloadIds": []
<     },
<     {
<       "connectionString": "frontier://FrontierProd/CMS_CONDITIONS",
<       "label": "electron_ee_ecalOnly_1To300_0p0002To0p5_sigma",
<       "tag": "electron_ee_ecalOnly_1To300_0p0002To0p5_sigma_Prompt_v1",
<       "timeLookupPayloadIds": []
<     },
<     {
<       "connectionString": "frontier://FrontierProd/CMS_CONDITIONS",
<       "label": "electron_ee_ecalOnly_1To300_0p2To2_mean",
<       "tag": "electron_ee_ecalOnly_1To300_0p2To2_mean_Prompt_v1",
<       "timeLookupPayloadIds": []
<     },
<     {
<       "connectionString": "frontier://FrontierProd/CMS_CONDITIONS",
<       "label": "electron_ee_ecalTrk_1To300_0p0002To0p5_sigma",
<       "tag": "electron_ee_ecalTrk_1To300_0p0002To0p5_sigma_Prompt_v1",
<       "timeLookupPayloadIds": []
<     },
<     {
<       "connectionString": "frontier://FrontierProd/CMS_CONDITIONS",
<       "label": "electron_ee_ecalTrk_1To300_0p2To2_mean",
<       "tag": "electron_ee_ecalTrk_1To300_0p2To2_mean_Prompt_v1",
<       "timeLookupPayloadIds": []
<     },
<     {
<       "connectionString": "frontier://FrontierProd/CMS_CONDITIONS",
<       "label": "gedelectron_EBCorrection_25ns",
<       "tag": "GBRForestD_gedelectron_EBCorrection_25ns_v0",
<       "timeLookupPayloadIds": []
<     },
<     {
<       "connectionString": "frontier://FrontierProd/CMS_CONDITIONS",
<       "label": "gedelectron_EBCorrection_50ns",
<       "tag": "GBRForestD_gedelectron_EBCorrection_50ns_v0",
<       "timeLookupPayloadIds": []
<     },
<     {
<       "connectionString": "frontier://FrontierProd/CMS_CONDITIONS",
<       "label": "gedelectron_EBUncertainty_25ns",
<       "tag": "GBRForestD_gedelectron_EBUncertainty_25ns_v0",
<       "timeLookupPayloadIds": []
<     },
<     {
<       "connectionString": "frontier://FrontierProd/CMS_CONDITIONS",
<       "label": "gedelectron_EBUncertainty_50ns",
<       "tag": "GBRForestD_gedelectron_EBUncertainty_50ns_v0",
<       "timeLookupPayloadIds": []
<     },
<     {
<       "connectionString": "frontier://FrontierProd/CMS_CONDITIONS",
<       "label": "gedelectron_EECorrection_25ns",
<       "tag": "GBRForestD_gedelectron_EECorrection_25ns_v0",
<       "timeLookupPayloadIds": []
<     },
<     {
<       "connectionString": "frontier://FrontierProd/CMS_CONDITIONS",
<       "label": "gedelectron_EECorrection_50ns",
<       "tag": "GBRForestD_gedelectron_EECorrection_50ns_v0",
<       "timeLookupPayloadIds": []
<     },
<     {
<       "connectionString": "frontier://FrontierProd/CMS_CONDITIONS",
<       "label": "gedelectron_EEUncertainty_25ns",
<       "tag": "GBRForestD_gedelectron_EEUncertainty_25ns_v0",
<       "timeLookupPayloadIds": []
<     },
<     {
<       "connectionString": "frontier://FrontierProd/CMS_CONDITIONS",
<       "label": "gedelectron_EEUncertainty_50ns",
<       "tag": "GBRForestD_gedelectron_EEUncertainty_50ns_v0",
<       "timeLookupPayloadIds": []
<     },
<     {
<       "connectionString": "frontier://FrontierProd/CMS_CONDITIONS",
<       "label": "gedphoton_EBCorrection_25ns",
<       "tag": "GBRForestD_gedphoton_EBCorrection_25ns_v1",
<       "timeLookupPayloadIds": []
<     },
<     {
<       "connectionString": "frontier://FrontierProd/CMS_CONDITIONS",
<       "label": "gedphoton_EBCorrection_50ns",
<       "tag": "GBRForestD_gedphoton_EBCorrection_50ns_v0",
<       "timeLookupPayloadIds": []
<     },
<     {
<       "connectionString": "frontier://FrontierProd/CMS_CONDITIONS",
<       "label": "gedphoton_EBUncertainty_25ns",
<       "tag": "GBRForestD_gedphoton_EBUncertainty_25ns_v1",
<       "timeLookupPayloadIds": []
<     },
<     {
<       "connectionString": "frontier://FrontierProd/CMS_CONDITIONS",
<       "label": "gedphoton_EBUncertainty_50ns",
<       "tag": "GBRForestD_gedphoton_EBUncertainty_50ns_v0",
<       "timeLookupPayloadIds": []
<     },
<     {
<       "connectionString": "frontier://FrontierProd/CMS_CONDITIONS",
<       "label": "gedphoton_EECorrection_25ns",
<       "tag": "GBRForestD_gedphoton_EECorrection_25ns_v1",
<       "timeLookupPayloadIds": []
<     },
<     {
<       "connectionString": "frontier://FrontierProd/CMS_CONDITIONS",
<       "label": "gedphoton_EECorrection_50ns",
<       "tag": "GBRForestD_gedphoton_EECorrection_50ns_v0",
<       "timeLookupPayloadIds": []
<     },
<     {
<       "connectionString": "frontier://FrontierProd/CMS_CONDITIONS",
<       "label": "gedphoton_EEUncertainty_25ns",
<       "tag": "GBRForestD_gedphoton_EEUncertainty_25ns_v1",
<       "timeLookupPayloadIds": []
<     },
<     {
<       "connectionString": "frontier://FrontierProd/CMS_CONDITIONS",
<       "label": "gedphoton_EEUncertainty_50ns",
<       "tag": "GBRForestD_gedphoton_EEUncertainty_50ns_v0",
<       "timeLookupPayloadIds": []
<     },
<     {
<       "connectionString": "frontier://FrontierProd/CMS_CONDITIONS",
<       "label": "lowPtElectron_eb_ecalOnly_05To50_mean",
<       "tag": "lowPtElectron_eb_ecalOnly_05To50_mean_UL_v1",
<       "timeLookupPayloadIds": []
<     },
<     {
<       "connectionString": "frontier://FrontierProd/CMS_CONDITIONS",
<       "label": "lowPtElectron_eb_ecalOnly_05To50_sigma",
<       "tag": "lowPtElectron_eb_ecalOnly_05To50_sigma_UL_v1",
<       "timeLookupPayloadIds": []
<     },
<     {
<       "connectionString": "frontier://FrontierProd/CMS_CONDITIONS",
<       "label": "lowPtElectron_eb_ecalTrk_05To50_mean",
<       "tag": "lowPtElectron_eb_ecalTrk_05To50_mean_UL_v1",
<       "timeLookupPayloadIds": []
<     },
<     {
<       "connectionString": "frontier://FrontierProd/CMS_CONDITIONS",
<       "label": "lowPtElectron_eb_ecalTrk_05To50_sigma",
<       "tag": "lowPtElectron_eb_ecalTrk_05To50_sigma_UL_v1",
<       "timeLookupPayloadIds": []
<     },
<     {
<       "connectionString": "frontier://FrontierProd/CMS_CONDITIONS",
<       "label": "lowPtElectron_ee_ecalOnly_05To50_mean",
<       "tag": "lowPtElectron_ee_ecalOnly_05To50_mean_UL_v1",
<       "timeLookupPayloadIds": []
<     },
<     {
<       "connectionString": "frontier://FrontierProd/CMS_CONDITIONS",
<       "label": "lowPtElectron_ee_ecalOnly_05To50_sigma",
<       "tag": "lowPtElectron_ee_ecalOnly_05To50_sigma_UL_v1",
<       "timeLookupPayloadIds": []
<     },
<     {
<       "connectionString": "frontier://FrontierProd/CMS_CONDITIONS",
<       "label": "lowPtElectron_ee_ecalTrk_05To50_mean",
<       "tag": "lowPtElectron_ee_ecalTrk_05To50_mean_UL_v1",
<       "timeLookupPayloadIds": []
<     },
<     {
<       "connectionString": "frontier://FrontierProd/CMS_CONDITIONS",
<       "label": "lowPtElectron_ee_ecalTrk_05To50_sigma",
<       "tag": "lowPtElectron_ee_ecalTrk_05To50_sigma_UL_v1",
<       "timeLookupPayloadIds": []
<     },
<     {
<       "connectionString": "frontier://FrontierProd/CMS_CONDITIONS",
<       "label": "pfscecal_EBCorrection_offline_v2",
<       "tag": "pfscecal_EBCorrection_Prompt_v1",
<       "timeLookupPayloadIds": []
<     },
<     {
<       "connectionString": "frontier://FrontierProd/CMS_CONDITIONS",
1707,1712d1102
<       "label": "pfscecal_EBUncertainty_offline_v2",
<       "tag": "pfscecal_EBUncertainty_Prompt_v1",
<       "timeLookupPayloadIds": []
<     },
<     {
<       "connectionString": "frontier://FrontierProd/CMS_CONDITIONS",
1725,1730d1114
<       "label": "pfscecal_EECorrection_offline_v2",
<       "tag": "pfscecal_EECorrection_Prompt_v1",
<       "timeLookupPayloadIds": []
<     },
<     {
<       "connectionString": "frontier://FrontierProd/CMS_CONDITIONS",
1743,1748d1126
<       "label": "pfscecal_EEUncertainty_offline_v2",
<       "tag": "pfscecal_EEUncertainty_Prompt_v1",
<       "timeLookupPayloadIds": []
<     },
<     {
<       "connectionString": "frontier://FrontierProd/CMS_CONDITIONS",
1758,1829d1135
<     },
<     {
<       "connectionString": "frontier://FrontierProd/CMS_CONDITIONS",
<       "label": "photon_eb_ECALonly",
<       "tag": "GEDphoton_EBCorrection_Prompt_v1",
<       "timeLookupPayloadIds": []
<     },
<     {
<       "connectionString": "frontier://FrontierProd/CMS_CONDITIONS",
<       "label": "photon_eb_ECALonly_lowpt",
<       "tag": "GEDphoton_lowpt_EBCorrection_80X_EGM_v4",
<       "timeLookupPayloadIds": []
<     },
<     {
<       "connectionString": "frontier://FrontierProd/CMS_CONDITIONS",
<       "label": "photon_eb_ECALonly_lowpt_var",
<       "tag": "GEDphoton_lowpt_EBUncertainty_80X_EGM_v4",
<       "timeLookupPayloadIds": []
<     },
<     {
<       "connectionString": "frontier://FrontierProd/CMS_CONDITIONS",
<       "label": "photon_eb_ECALonly_var",
<       "tag": "GEDphoton_EBUncertainty_Prompt_v1",
<       "timeLookupPayloadIds": []
<     },
<     {
<       "connectionString": "frontier://FrontierProd/CMS_CONDITIONS",
<       "label": "photon_eb_ecalOnly_5To300_0p0002To0p5_sigma",
<       "tag": "photon_eb_ecalOnly_5To300_0p0002To0p5_sigma_Prompt_v1",
<       "timeLookupPayloadIds": []
<     },
<     {
<       "connectionString": "frontier://FrontierProd/CMS_CONDITIONS",
<       "label": "photon_eb_ecalOnly_5To300_0p2To2_mean",
<       "tag": "photon_eb_ecalOnly_5To300_0p2To2_mean_Prompt_v1",
<       "timeLookupPayloadIds": []
<     },
<     {
<       "connectionString": "frontier://FrontierProd/CMS_CONDITIONS",
<       "label": "photon_ee_ECALonly",
<       "tag": "GEDphoton_EECorrection_Prompt_v1",
<       "timeLookupPayloadIds": []
<     },
<     {
<       "connectionString": "frontier://FrontierProd/CMS_CONDITIONS",
<       "label": "photon_ee_ECALonly_lowpt",
<       "tag": "GEDphoton_lowpt_EECorrection_80X_EGM_v4",
<       "timeLookupPayloadIds": []
<     },
<     {
<       "connectionString": "frontier://FrontierProd/CMS_CONDITIONS",
<       "label": "photon_ee_ECALonly_lowpt_var",
<       "tag": "GEDphoton_lowpt_EEUncertainty_80X_EGM_v4",
<       "timeLookupPayloadIds": []
<     },
<     {
<       "connectionString": "frontier://FrontierProd/CMS_CONDITIONS",
<       "label": "photon_ee_ECALonly_var",
<       "tag": "GEDphoton_EEUncertainty_Prompt_v1",
<       "timeLookupPayloadIds": []
<     },
<     {
<       "connectionString": "frontier://FrontierProd/CMS_CONDITIONS",
<       "label": "photon_ee_ecalOnly_5To300_0p0002To0p5_sigma",
<       "tag": "photon_ee_ecalOnly_5To300_0p0002To0p5_sigma_Prompt_v1",
<       "timeLookupPayloadIds": []
<     },
<     {
<       "connectionString": "frontier://FrontierProd/CMS_CONDITIONS",
<       "label": "photon_ee_ecalOnly_5To300_0p2To2_mean",
<       "tag": "photon_ee_ecalOnly_5To300_0p2To2_mean_Prompt_v1",
<       "timeLookupPayloadIds": []
1836c1142
<       "tag": "GBRForest_HIMVASelectorDetachedQuadStep_Phase1_v0",
---
>       "tag": "GBRForest_HIMVASelectorDetachedQuadStep_Phase1_v0_hlt",
1842c1148
<       "tag": "GBRForest_HIMVASelectorDetachedTripletStep_Phase1_v0",
---
>       "tag": "GBRForest_HIMVASelectorDetachedTripletStep_Phase1_v0_hlt",
1848c1154
<       "tag": "GBRForest_HIMVASelectorHighPtTripletStep_Phase1_v0",
---
>       "tag": "GBRForest_HIMVASelectorHighPtTripletStep_Phase1_v0_hlt",
1854,1878c1160
<       "tag": "GBRForest_HIMVASelectorInitialStep_Phase1_v0",
<       "timeLookupPayloadIds": []
<     },
<     {
<       "connectionString": "frontier://FrontierProd/CMS_CONDITIONS",
<       "label": "HIMVASelectorIter4",
<       "tag": "GBRForest_HIMVASelectorIter4_v0_offline",
<       "timeLookupPayloadIds": []
<     },
<     {
<       "connectionString": "frontier://FrontierProd/CMS_CONDITIONS",
<       "label": "HIMVASelectorIter5",
<       "tag": "GBRForest_HIMVASelectorIter5_v0_offline",
<       "timeLookupPayloadIds": []
<     },
<     {
<       "connectionString": "frontier://FrontierProd/CMS_CONDITIONS",
<       "label": "HIMVASelectorIter6",
<       "tag": "GBRForest_HIMVASelectorIter6_v0_offline",
<       "timeLookupPayloadIds": []
<     },
<     {
<       "connectionString": "frontier://FrontierProd/CMS_CONDITIONS",
<       "label": "HIMVASelectorIter7",
<       "tag": "GBRForest_HIMVASelectorIter7_v0_offline",
---
>       "tag": "GBRForest_HIMVASelectorInitialStep_Phase1_v0_hlt",
1884c1166
<       "tag": "GBRForest_HIMVASelectorLowPtQuadStep_Phase1_v0",
---
>       "tag": "GBRForest_HIMVASelectorLowPtQuadStep_Phase1_v0_hlt",
1890,2058c1172
<       "tag": "GBRForest_HIMVASelectorLowPtTripletStep_Phase1_v0",
<       "timeLookupPayloadIds": []
<     },
<     {
<       "connectionString": "frontier://FrontierProd/CMS_CONDITIONS",
<       "label": "MVADuplicate",
<       "tag": "GBRForest_MVADuplicate_v0_offline",
<       "timeLookupPayloadIds": []
<     },
<     {
<       "connectionString": "frontier://FrontierProd/CMS_CONDITIONS",
<       "label": "PFEcalResolution",
<       "tag": "GBRForest_PFEcalEnergyResolution_v2_offline",
<       "timeLookupPayloadIds": []
<     },
<     {
<       "connectionString": "frontier://FrontierProd/CMS_CONDITIONS",
<       "label": "PFGCorrectionBar",
<       "tag": "GBRForest_PFGlobalCorrectionBarrel_v2_offline",
<       "timeLookupPayloadIds": []
<     },
<     {
<       "connectionString": "frontier://FrontierProd/CMS_CONDITIONS",
<       "label": "PFGCorrectionEndHighR9",
<       "tag": "GBRForest_PFGlobalCorrectionEndcapHighR9_v2_offline",
<       "timeLookupPayloadIds": []
<     },
<     {
<       "connectionString": "frontier://FrontierProd/CMS_CONDITIONS",
<       "label": "PFGCorrectionEndLowR9",
<       "tag": "GBRForest_PFGlobalCorrectionEndcapLowR9_v2_offline",
<       "timeLookupPayloadIds": []
<     },
<     {
<       "connectionString": "frontier://FrontierProd/CMS_CONDITIONS",
<       "label": "PFGlobalCorrection",
<       "tag": "GBRForest_PFGlobalCorrection_v0_offline",
<       "timeLookupPayloadIds": []
<     },
<     {
<       "connectionString": "frontier://FrontierProd/CMS_CONDITIONS",
<       "label": "PFLCCorrection",
<       "tag": "GBRForest_PFLCCorrection_v0_offline",
<       "timeLookupPayloadIds": []
<     },
<     {
<       "connectionString": "frontier://FrontierProd/CMS_CONDITIONS",
<       "label": "PFLCorrectionBar",
<       "tag": "GBRForest_PFLocalCorrectionBarrel_v2_offline",
<       "timeLookupPayloadIds": []
<     },
<     {
<       "connectionString": "frontier://FrontierProd/CMS_CONDITIONS",
<       "label": "PFLCorrectionEnd",
<       "tag": "GBRForest_PFLocalCorrectionEndcap_v2_offline",
<       "timeLookupPayloadIds": []
<     },
<     {
<       "connectionString": "frontier://FrontierProd/CMS_CONDITIONS",
<       "label": "PFResolution",
<       "tag": "GBRForest_PFResolution_v0_offline",
<       "timeLookupPayloadIds": []
<     },
<     {
<       "connectionString": "frontier://FrontierProd/CMS_CONDITIONS",
<       "label": "RecoTauTag_antiElectronMVA_NoEleMatch_wGwoGSF_BL",
<       "tag": "RecoTauTag_antiElectronMVA6v3_noeveto_gbr_NoEleMatch_wGwoGSF_BL",
<       "timeLookupPayloadIds": []
<     },
<     {
<       "connectionString": "frontier://FrontierProd/CMS_CONDITIONS",
<       "label": "RecoTauTag_antiElectronMVA_NoEleMatch_wGwoGSF_EC",
<       "tag": "RecoTauTag_antiElectronMVA6v3_noeveto_gbr_NoEleMatch_wGwoGSF_EC",
<       "timeLookupPayloadIds": []
<     },
<     {
<       "connectionString": "frontier://FrontierProd/CMS_CONDITIONS",
<       "label": "RecoTauTag_antiElectronMVA_NoEleMatch_woGwoGSF_BL",
<       "tag": "RecoTauTag_antiElectronMVA6v3_noeveto_gbr_NoEleMatch_woGwoGSF_BL",
<       "timeLookupPayloadIds": []
<     },
<     {
<       "connectionString": "frontier://FrontierProd/CMS_CONDITIONS",
<       "label": "RecoTauTag_antiElectronMVA_NoEleMatch_woGwoGSF_EC",
<       "tag": "RecoTauTag_antiElectronMVA6v3_noeveto_gbr_NoEleMatch_woGwoGSF_EC",
<       "timeLookupPayloadIds": []
<     },
<     {
<       "connectionString": "frontier://FrontierProd/CMS_CONDITIONS",
<       "label": "RecoTauTag_antiElectronMVA_wGwGSF_BL",
<       "tag": "RecoTauTag_antiElectronMVA6v3_noeveto_gbr_wGwGSF_BL",
<       "timeLookupPayloadIds": []
<     },
<     {
<       "connectionString": "frontier://FrontierProd/CMS_CONDITIONS",
<       "label": "RecoTauTag_antiElectronMVA_wGwGSF_EC",
<       "tag": "RecoTauTag_antiElectronMVA6v3_noeveto_gbr_wGwGSF_EC",
<       "timeLookupPayloadIds": []
<     },
<     {
<       "connectionString": "frontier://FrontierProd/CMS_CONDITIONS",
<       "label": "RecoTauTag_antiElectronMVA_woGwGSF_BL",
<       "tag": "RecoTauTag_antiElectronMVA6v3_noeveto_gbr_woGwGSF_BL",
<       "timeLookupPayloadIds": []
<     },
<     {
<       "connectionString": "frontier://FrontierProd/CMS_CONDITIONS",
<       "label": "RecoTauTag_antiElectronMVA_woGwGSF_EC",
<       "tag": "RecoTauTag_antiElectronMVA6v3_noeveto_gbr_woGwGSF_EC",
<       "timeLookupPayloadIds": []
<     },
<     {
<       "connectionString": "frontier://FrontierProd/CMS_CONDITIONS",
<       "label": "RecoTauTag_tauIdMVAIsoDBnewDMwLT",
<       "tag": "RecoTauTag_tauIdMVAIsoDBnewDMwLT2017v2",
<       "timeLookupPayloadIds": []
<     },
<     {
<       "connectionString": "frontier://FrontierProd/CMS_CONDITIONS",
<       "label": "RecoTauTag_tauIdMVAIsoDBoldDMdR0p3wLT",
<       "tag": "RecoTauTag_tauIdMVAIsoDBoldDMdR0p3wLT2017v2",
<       "timeLookupPayloadIds": []
<     },
<     {
<       "connectionString": "frontier://FrontierProd/CMS_CONDITIONS",
<       "label": "RecoTauTag_tauIdMVAIsoDBoldDMwLT",
<       "tag": "RecoTauTag_tauIdMVAIsoDBoldDMwLT2017v2",
<       "timeLookupPayloadIds": []
<     },
<     {
<       "connectionString": "frontier://FrontierProd/CMS_CONDITIONS",
<       "label": "gedelectron_EBCorrection_offline_v1",
<       "tag": "gedelectron_EBCorrection_offline_v1",
<       "timeLookupPayloadIds": []
<     },
<     {
<       "connectionString": "frontier://FrontierProd/CMS_CONDITIONS",
<       "label": "gedelectron_EBUncertainty_offline_v1",
<       "tag": "gedelectron_EBUncertainty_offline_v1",
<       "timeLookupPayloadIds": []
<     },
<     {
<       "connectionString": "frontier://FrontierProd/CMS_CONDITIONS",
<       "label": "gedelectron_EECorrection_offline_v1",
<       "tag": "gedelectron_EECorrection_offline_v1",
<       "timeLookupPayloadIds": []
<     },
<     {
<       "connectionString": "frontier://FrontierProd/CMS_CONDITIONS",
<       "label": "gedelectron_EEUncertainty_offline_v1",
<       "tag": "gedelectron_EEUncertainty_offline_v1",
<       "timeLookupPayloadIds": []
<     },
<     {
<       "connectionString": "frontier://FrontierProd/CMS_CONDITIONS",
<       "label": "gedelectron_p4combination_25ns",
<       "tag": "GBRForestD_gedelectron_p4combination_25ns_v0",
<       "timeLookupPayloadIds": []
<     },
<     {
<       "connectionString": "frontier://FrontierProd/CMS_CONDITIONS",
<       "label": "gedelectron_p4combination_50ns",
<       "tag": "GBRForestD_gedelectron_p4combination_50ns_v0",
<       "timeLookupPayloadIds": []
<     },
<     {
<       "connectionString": "frontier://FrontierProd/CMS_CONDITIONS",
<       "label": "gedelectron_p4combination_offline",
<       "tag": "gedelectron_p4combination_offline",
---
>       "tag": "GBRForest_HIMVASelectorLowPtTripletStep_Phase1_v0_hlt",
2063,2064c1177,1178
<       "label": "gedphoton_EBCorrection_offline_v1",
<       "tag": "gedphoton_EBCorrection_offline_v1",
---
>       "label": "MVASelectorJetCoreRegionalStep_Phase1",
>       "tag": "GBRForest_MVASelectorJetCoreRegionalStep_Phase1_v2_offline",
2069,2070c1183,1184
<       "label": "gedphoton_EBUncertainty_offline_v1",
<       "tag": "gedphoton_EBUncertainty_offline_v1",
---
>       "label": "MVASelectorMixedTripletStep_Phase1",
>       "tag": "GBRForest_MVASelectorMixedTripletStep_Phase1_v0_offline",
2075,2076c1189,1190
<       "label": "gedphoton_EECorrection_offline_v1",
<       "tag": "gedphoton_EECorrection_offline_v1",
---
>       "label": "MVASelectorPixelLessStep_Phase1",
>       "tag": "GBRForest_MVASelectorPixelLessStep_Phase1_v2_offline",
2081,2082c1195,1196
<       "label": "gedphoton_EEUncertainty_offline_v1",
<       "tag": "gedphoton_EEUncertainty_offline_v1",
---
>       "label": "MVASelectorPixelPairStep_Phase1",
>       "tag": "GBRForest_MVASelectorPixelPairStep_Phase1_v2_offline",
2087,2118c1201,1202
<       "label": "pfscecal_EBCorrection_offline_v1",
<       "tag": "pfscecal_EBCorrection_offline_v1",
<       "timeLookupPayloadIds": []
<     },
<     {
<       "connectionString": "frontier://FrontierProd/CMS_CONDITIONS",
<       "label": "pfscecal_EECorrection_offline_v1",
<       "tag": "pfscecal_EECorrection_offline_v1",
<       "timeLookupPayloadIds": []
<     },
<     {
<       "connectionString": "frontier://FrontierProd/CMS_CONDITIONS",
<       "label": "wgbrph_EBCorrection",
<       "tag": "GBRForest_EBCorrection_v0_offline",
<       "timeLookupPayloadIds": []
<     },
<     {
<       "connectionString": "frontier://FrontierProd/CMS_CONDITIONS",
<       "label": "wgbrph_EBUncertainty",
<       "tag": "GBRForest_EBUncertainty_v0_offline",
<       "timeLookupPayloadIds": []
<     },
<     {
<       "connectionString": "frontier://FrontierProd/CMS_CONDITIONS",
<       "label": "wgbrph_EECorrection",
<       "tag": "GBRForest_EECorrection_v0_offline",
<       "timeLookupPayloadIds": []
<     },
<     {
<       "connectionString": "frontier://FrontierProd/CMS_CONDITIONS",
<       "label": "wgbrph_EEUncertainty",
<       "tag": "GBRForest_EEUncertainty_v0_offline",
---
>       "label": "MVASelectorTobTecStep_Phase1",
>       "tag": "GBRForest_MVASelectorTobTecStep_Phase1_v2_offline",
2126c1210
<       "tag": "GEMAlignmentErrorExtended_6x6_prompt_v2",
---
>       "tag": "GEMAlignmentErrorExtended_6x6_hlt_v2",
2134c1218
<       "tag": "GEMAlignment_prompt_v2",
---
>       "tag": "GEMAlignment_hlt_v2",
2151a1236,1251
>   "GEMDeadStripsRcd": [
>     {
>       "connectionString": "frontier://FrontierProd/CMS_CONDITIONS",
>       "label": "",
>       "tag": "GEMDeadStrips_online_v1",
>       "timeLookupPayloadIds": []
>     }
>   ],
>   "GEMMaskedStripsRcd": [
>     {
>       "connectionString": "frontier://FrontierProd/CMS_CONDITIONS",
>       "label": "",
>       "tag": "GEMMaskedStrips_online_v2",
>       "timeLookupPayloadIds": []
>     }
>   ],
2178c1278
<       "tag": "GlobalAlignment_2009_v2_express",
---
>       "tag": "GlobalAlignment_2009_v1_hlt",
2182c1282
<           "since": 380726,
---
>           "since": 380728,
2246c1346
<       "tag": "HcalChannelQuality_v1.0_prompt",
---
>       "tag": "HcalChannelQuality_v2.0_hlt",
2260c1360
<       "tag": "HcalElectronicsMap_v1.0_prompt",
---
>       "tag": "HcalElectronicsMap_v9.0_hlt",
2264c1364
<           "since": 374784,
---
>           "since": 374785,
2296c1396
<       "tag": "HcalGains_v1.0_prompt",
---
>       "tag": "HcalGains_v3.0_hlt",
2300c1400
<           "since": 380852,
---
>           "since": 380736,
2526c1626
<       "tag": "HcalRespCorrs_v1.0_prompt",
---
>       "tag": "HcalRespCorrs_v2.0_hlt",
2620,2659d1719
<   "HeavyIonRPRcd": [
<     {
<       "connectionString": "frontier://FrontierProd/CMS_CONDITIONS",
<       "label": "",
<       "tag": "HeavyIonRPRcd_75x_v0_prompt",
<       "timeLookupPayloadIds": []
<     }
<   ],
<   "HeavyIonRcd": [
<     {
<       "connectionString": "frontier://FrontierProd/CMS_CONDITIONS",
<       "label": "HFhits",
<       "tag": "CentralityTable_HFhits40_Glauber2010A_v3_effB_offline",
<       "timeLookupPayloadIds": []
<     },
<     {
<       "connectionString": "frontier://FrontierProd/CMS_CONDITIONS",
<       "label": "HFtowers",
<       "tag": "CentralityTable_HFtowers200_v0_express",
<       "timeLookupPayloadIds": []
<     },
<     {
<       "connectionString": "frontier://FrontierProd/CMS_CONDITIONS",
<       "label": "PixelHits",
<       "tag": "CentralityTable_PixelHits40_Glauber2010A_v3_effB_offline",
<       "timeLookupPayloadIds": []
<     },
<     {
<       "connectionString": "frontier://FrontierProd/CMS_CONDITIONS",
<       "label": "PixelTracks",
<       "tag": "CentralityTable_PixelTracks40_Glauber2010A_v0_effB_offline",
<       "timeLookupPayloadIds": []
<     },
<     {
<       "connectionString": "frontier://FrontierProd/CMS_CONDITIONS",
<       "label": "Tracks",
<       "tag": "CentralityTable_Tracks40_Glauber2010A_v0_effB_offline",
<       "timeLookupPayloadIds": []
<     }
<   ],
2671,2730d1730
<       "label": "AK10PF",
<       "tag": "JetCorrectorParametersCollection_CSA14_V4_DATA_AK10PF",
<       "timeLookupPayloadIds": []
<     },
<     {
<       "connectionString": "frontier://FrontierProd/CMS_CONDITIONS",
<       "label": "AK10PFchs",
<       "tag": "JetCorrectorParametersCollection_CSA14_V4_DATA_AK10PFchs",
<       "timeLookupPayloadIds": []
<     },
<     {
<       "connectionString": "frontier://FrontierProd/CMS_CONDITIONS",
<       "label": "AK1PF",
<       "tag": "JetCorrectorParametersCollection_CSA14_V4_DATA_AK1PF",
<       "timeLookupPayloadIds": []
<     },
<     {
<       "connectionString": "frontier://FrontierProd/CMS_CONDITIONS",
<       "label": "AK1PFchs",
<       "tag": "JetCorrectorParametersCollection_CSA14_V4_DATA_AK1PFchs",
<       "timeLookupPayloadIds": []
<     },
<     {
<       "connectionString": "frontier://FrontierProd/CMS_CONDITIONS",
<       "label": "AK2PF",
<       "tag": "JetCorrectorParametersCollection_CSA14_V4_DATA_AK2PF",
<       "timeLookupPayloadIds": []
<     },
<     {
<       "connectionString": "frontier://FrontierProd/CMS_CONDITIONS",
<       "label": "AK2PFchs",
<       "tag": "JetCorrectorParametersCollection_CSA14_V4_DATA_AK2PFchs",
<       "timeLookupPayloadIds": []
<     },
<     {
<       "connectionString": "frontier://FrontierProd/CMS_CONDITIONS",
<       "label": "AK3PF",
<       "tag": "JetCorrectorParametersCollection_CSA14_V4_DATA_AK3PF",
<       "timeLookupPayloadIds": []
<     },
<     {
<       "connectionString": "frontier://FrontierProd/CMS_CONDITIONS",
<       "label": "AK3PFTowers_hiGoodTightTracks",
<       "tag": "JetCorrectorParametersCollection_AK3PFTowers_hiGoodTightTracks_v0_offline",
<       "timeLookupPayloadIds": []
<     },
<     {
<       "connectionString": "frontier://FrontierProd/CMS_CONDITIONS",
<       "label": "AK3PFchs",
<       "tag": "JetCorrectorParametersCollection_CSA14_V4_DATA_AK3PFchs",
<       "timeLookupPayloadIds": []
<     },
<     {
<       "connectionString": "frontier://FrontierProd/CMS_CONDITIONS",
<       "label": "AK4Calo",
<       "tag": "JetCorrectorParametersCollection_Summer16_23Sep2016AllV4_DATA_AK4Calo",
<       "timeLookupPayloadIds": []
<     },
<     {
<       "connectionString": "frontier://FrontierProd/CMS_CONDITIONS",
2737,2754d1736
<       "label": "AK4JPT",
<       "tag": "JetCorrectorParametersCollection_Summer16_23Sep2016AllV4_DATA_AK4JPT",
<       "timeLookupPayloadIds": []
<     },
<     {
<       "connectionString": "frontier://FrontierProd/CMS_CONDITIONS",
<       "label": "AK4PF",
<       "tag": "JetCorrectorParametersCollection_Summer16_23Sep2016AllV4_DATA_AK4PF",
<       "timeLookupPayloadIds": []
<     },
<     {
<       "connectionString": "frontier://FrontierProd/CMS_CONDITIONS",
<       "label": "AK4PFClusterHLT",
<       "tag": "JetCorrectorParametersCollection_AK4PFClusterHLT_hlt_v1",
<       "timeLookupPayloadIds": []
<     },
<     {
<       "connectionString": "frontier://FrontierProd/CMS_CONDITIONS",
2761,2862d1742
<       "label": "AK4PFPuppi",
<       "tag": "JetCorrectorParametersCollection_Run2_Run3_DATA_AK4PFPuppi_prompt_v2",
<       "timeLookupPayloadIds": []
<     },
<     {
<       "connectionString": "frontier://FrontierProd/CMS_CONDITIONS",
<       "label": "AK4PFPuppiHLT",
<       "tag": "JetCorrectorParametersCollection_AK4PFPuppiHLT_hlt_v1",
<       "timeLookupPayloadIds": []
<     },
<     {
<       "connectionString": "frontier://FrontierProd/CMS_CONDITIONS",
<       "label": "AK4PFTowers_hiGoodTightTracks",
<       "tag": "JetCorrectorParametersCollection_AK4PFTowers_hiGoodTightTracks_v0_offline",
<       "timeLookupPayloadIds": []
<     },
<     {
<       "connectionString": "frontier://FrontierProd/CMS_CONDITIONS",
<       "label": "AK4PFchs",
<       "tag": "JetCorrectorParametersCollection_Run2_Run3_DATA_AK4PFchs_prompt_v1",
<       "timeLookupPayloadIds": []
<     },
<     {
<       "connectionString": "frontier://FrontierProd/CMS_CONDITIONS",
<       "label": "AK4PFchsHLT",
<       "tag": "JetCorrectorParametersCollection_AK4PFchsHLT_hlt_v1",
<       "timeLookupPayloadIds": []
<     },
<     {
<       "connectionString": "frontier://FrontierProd/CMS_CONDITIONS",
<       "label": "AK5Calo",
<       "tag": "JetCorrectorParametersCollection_CSA14_V4_DATA_AK5Calo",
<       "timeLookupPayloadIds": []
<     },
<     {
<       "connectionString": "frontier://FrontierProd/CMS_CONDITIONS",
<       "label": "AK5CaloHLT",
<       "tag": "JetCorrectorParametersCollection_AK5Calo_v1_hlt",
<       "timeLookupPayloadIds": []
<     },
<     {
<       "connectionString": "frontier://FrontierProd/CMS_CONDITIONS",
<       "label": "AK5PF",
<       "tag": "JetCorrectorParametersCollection_CSA14_V4_DATA_AK5PF",
<       "timeLookupPayloadIds": []
<     },
<     {
<       "connectionString": "frontier://FrontierProd/CMS_CONDITIONS",
<       "label": "AK5PFHLT",
<       "tag": "JetCorrectorParametersCollection_AK5PF_v1_hlt",
<       "timeLookupPayloadIds": []
<     },
<     {
<       "connectionString": "frontier://FrontierProd/CMS_CONDITIONS",
<       "label": "AK5PFTowers_hiGoodTightTracks",
<       "tag": "JetCorrectorParametersCollection_AK5PFTowers_hiGoodTightTracks_v0_offline",
<       "timeLookupPayloadIds": []
<     },
<     {
<       "connectionString": "frontier://FrontierProd/CMS_CONDITIONS",
<       "label": "AK5PFchs",
<       "tag": "JetCorrectorParametersCollection_CSA14_V4_DATA_AK5PFchs",
<       "timeLookupPayloadIds": []
<     },
<     {
<       "connectionString": "frontier://FrontierProd/CMS_CONDITIONS",
<       "label": "AK5PFchsHLT",
<       "tag": "JetCorrectorParametersCollection_AK5PFchs_v1_hlt",
<       "timeLookupPayloadIds": []
<     },
<     {
<       "connectionString": "frontier://FrontierProd/CMS_CONDITIONS",
<       "label": "AK6PF",
<       "tag": "JetCorrectorParametersCollection_CSA14_V4_DATA_AK6PF",
<       "timeLookupPayloadIds": []
<     },
<     {
<       "connectionString": "frontier://FrontierProd/CMS_CONDITIONS",
<       "label": "AK6PFchs",
<       "tag": "JetCorrectorParametersCollection_CSA14_V4_DATA_AK6PFchs",
<       "timeLookupPayloadIds": []
<     },
<     {
<       "connectionString": "frontier://FrontierProd/CMS_CONDITIONS",
<       "label": "AK7Calo",
<       "tag": "JetCorrectorParametersCollection_CSA14_V4_DATA_AK7Calo",
<       "timeLookupPayloadIds": []
<     },
<     {
<       "connectionString": "frontier://FrontierProd/CMS_CONDITIONS",
<       "label": "AK7PF",
<       "tag": "JetCorrectorParametersCollection_CSA14_V4_DATA_AK7PF",
<       "timeLookupPayloadIds": []
<     },
<     {
<       "connectionString": "frontier://FrontierProd/CMS_CONDITIONS",
<       "label": "AK7PFchs",
<       "tag": "JetCorrectorParametersCollection_CSA14_V4_DATA_AK7PFchs",
<       "timeLookupPayloadIds": []
<     },
<     {
<       "connectionString": "frontier://FrontierProd/CMS_CONDITIONS",
2869,2880d1748
<       "label": "AK8PF",
<       "tag": "JetCorrectorParametersCollection_Summer16_23Sep2016AllV4_DATA_AK8PF",
<       "timeLookupPayloadIds": []
<     },
<     {
<       "connectionString": "frontier://FrontierProd/CMS_CONDITIONS",
<       "label": "AK8PFClusterHLT",
<       "tag": "JetCorrectorParametersCollection_AK8PFClusterHLT_hlt_v1",
<       "timeLookupPayloadIds": []
<     },
<     {
<       "connectionString": "frontier://FrontierProd/CMS_CONDITIONS",
2884,3385d1751
<     },
<     {
<       "connectionString": "frontier://FrontierProd/CMS_CONDITIONS",
<       "label": "AK8PFPuppi",
<       "tag": "JetCorrectorParametersCollection_Run2_Run3_DATA_AK8PFPuppi_prompt_v1",
<       "timeLookupPayloadIds": []
<     },
<     {
<       "connectionString": "frontier://FrontierProd/CMS_CONDITIONS",
<       "label": "AK8PFPuppiHLT",
<       "tag": "JetCorrectorParametersCollection_AK8PFPuppiHLT_hlt_v1",
<       "timeLookupPayloadIds": []
<     },
<     {
<       "connectionString": "frontier://FrontierProd/CMS_CONDITIONS",
<       "label": "AK8PFchs",
<       "tag": "JetCorrectorParametersCollection_Summer16_23Sep2016AllV4_DATA_AK8PFchs",
<       "timeLookupPayloadIds": []
<     },
<     {
<       "connectionString": "frontier://FrontierProd/CMS_CONDITIONS",
<       "label": "AK8PFchsHLT",
<       "tag": "JetCorrectorParametersCollection_AK8PFchsHLT_hlt_v1",
<       "timeLookupPayloadIds": []
<     },
<     {
<       "connectionString": "frontier://FrontierProd/CMS_CONDITIONS",
<       "label": "AK9PF",
<       "tag": "JetCorrectorParametersCollection_CSA14_V4_DATA_AK9PF",
<       "timeLookupPayloadIds": []
<     },
<     {
<       "connectionString": "frontier://FrontierProd/CMS_CONDITIONS",
<       "label": "AK9PFchs",
<       "tag": "JetCorrectorParametersCollection_CSA14_V4_DATA_AK9PFchs",
<       "timeLookupPayloadIds": []
<     },
<     {
<       "connectionString": "frontier://FrontierProd/CMS_CONDITIONS",
<       "label": "IC5Calo_2760GeV",
<       "tag": "JetCorrectorParametersCollection_IC5Calo_2760GeV_v0_offline",
<       "timeLookupPayloadIds": []
<     },
<     {
<       "connectionString": "frontier://FrontierProd/CMS_CONDITIONS",
<       "label": "UETable_Calo",
<       "tag": "UETableCompatibilityFormat_Calo_v00_express",
<       "timeLookupPayloadIds": []
<     },
<     {
<       "connectionString": "frontier://FrontierProd/CMS_CONDITIONS",
<       "label": "UETable_PF",
<       "tag": "UETableCompatibilityFormat_PF_v00_express",
<       "timeLookupPayloadIds": []
<     }
<   ],
<   "JetResolutionRcd": [
<     {
<       "connectionString": "frontier://FrontierProd/CMS_CONDITIONS",
<       "label": "AK4PFPuppi_phi",
<       "tag": "JR_PhiResolution_AK4PFPuppi_v0_express",
<       "timeLookupPayloadIds": []
<     },
<     {
<       "connectionString": "frontier://FrontierProd/CMS_CONDITIONS",
<       "label": "AK4PFPuppi_pt",
<       "tag": "JR_PtResolution_AK4PFPuppi_v0_express",
<       "timeLookupPayloadIds": []
<     },
<     {
<       "connectionString": "frontier://FrontierProd/CMS_CONDITIONS",
<       "label": "AK4PF_phi",
<       "tag": "JR_PhiResolution_AK4PF_v0_express",
<       "timeLookupPayloadIds": []
<     },
<     {
<       "connectionString": "frontier://FrontierProd/CMS_CONDITIONS",
<       "label": "AK4PF_pt",
<       "tag": "JR_PtResolution_AK4PF_v0_express",
<       "timeLookupPayloadIds": []
<     },
<     {
<       "connectionString": "frontier://FrontierProd/CMS_CONDITIONS",
<       "label": "AK4PFchs_phi",
<       "tag": "JR_PhiResolution_AK4PFchs_v0_express",
<       "timeLookupPayloadIds": []
<     },
<     {
<       "connectionString": "frontier://FrontierProd/CMS_CONDITIONS",
<       "label": "AK4PFchs_pt",
<       "tag": "JR_PtResolution_AK4PFchs_v0_express",
<       "timeLookupPayloadIds": []
<     },
<     {
<       "connectionString": "frontier://FrontierProd/CMS_CONDITIONS",
<       "label": "AK8PFPuppi_phi",
<       "tag": "JR_PhiResolution_AK8PFPuppi_v0_express",
<       "timeLookupPayloadIds": []
<     },
<     {
<       "connectionString": "frontier://FrontierProd/CMS_CONDITIONS",
<       "label": "AK8PFPuppi_pt",
<       "tag": "JR_PtResolution_AK8PFPuppi_v0_express",
<       "timeLookupPayloadIds": []
<     },
<     {
<       "connectionString": "frontier://FrontierProd/CMS_CONDITIONS",
<       "label": "AK8PF_phi",
<       "tag": "JR_PhiResolution_AK8PF_v0_express",
<       "timeLookupPayloadIds": []
<     },
<     {
<       "connectionString": "frontier://FrontierProd/CMS_CONDITIONS",
<       "label": "AK8PF_pt",
<       "tag": "JR_PtResolution_AK8PF_v0_express",
<       "timeLookupPayloadIds": []
<     },
<     {
<       "connectionString": "frontier://FrontierProd/CMS_CONDITIONS",
<       "label": "AK8PFchs_phi",
<       "tag": "JR_PhiResolution_AK8PFchs_v0_express",
<       "timeLookupPayloadIds": []
<     },
<     {
<       "connectionString": "frontier://FrontierProd/CMS_CONDITIONS",
<       "label": "AK8PFchs_pt",
<       "tag": "JR_PtResolution_AK8PFchs_v0_express",
<       "timeLookupPayloadIds": []
<     }
<   ],
<   "JetResolutionScaleFactorRcd": [
<     {
<       "connectionString": "frontier://FrontierProd/CMS_CONDITIONS",
<       "label": "AK4PF",
<       "tag": "JR_SF_AK4PF_v0_express",
<       "timeLookupPayloadIds": []
<     },
<     {
<       "connectionString": "frontier://FrontierProd/CMS_CONDITIONS",
<       "label": "AK4PFPuppi",
<       "tag": "JR_SF_AK4PFPuppi_v0_express",
<       "timeLookupPayloadIds": []
<     },
<     {
<       "connectionString": "frontier://FrontierProd/CMS_CONDITIONS",
<       "label": "AK4PFchs",
<       "tag": "JR_SF_AK4PFchs_v0_express",
<       "timeLookupPayloadIds": []
<     },
<     {
<       "connectionString": "frontier://FrontierProd/CMS_CONDITIONS",
<       "label": "AK8PF",
<       "tag": "JR_SF_AK8PF_v0_express",
<       "timeLookupPayloadIds": []
<     },
<     {
<       "connectionString": "frontier://FrontierProd/CMS_CONDITIONS",
<       "label": "AK8PFPuppi",
<       "tag": "JR_SF_AK8PFPuppi_v0_express",
<       "timeLookupPayloadIds": []
<     },
<     {
<       "connectionString": "frontier://FrontierProd/CMS_CONDITIONS",
<       "label": "AK8PFchs",
<       "tag": "JR_SF_AK8PFchs_v0_express",
<       "timeLookupPayloadIds": []
<     }
<   ],
<   "L1CaloEcalScaleRcd": [
<     {
<       "connectionString": "frontier://FrontierProd/CMS_CONDITIONS",
<       "label": "",
<       "tag": "L1CaloEcalScale_CRAFT09_hlt",
<       "timeLookupPayloadIds": []
<     }
<   ],
<   "L1CaloHcalScaleRcd": [
<     {
<       "connectionString": "frontier://FrontierProd/CMS_CONDITIONS",
<       "label": "",
<       "tag": "L1CaloHcalScale_CRAFT09_hlt",
<       "timeLookupPayloadIds": []
<     }
<   ],
<   "L1EmEtScaleRcd": [
<     {
<       "connectionString": "frontier://FrontierProd/CMS_CONDITIONS",
<       "label": "",
<       "tag": "L1EmEtScale_CRAFT09_hlt",
<       "timeLookupPayloadIds": []
<     }
<   ],
<   "L1GctChannelMaskRcd": [
<     {
<       "connectionString": "frontier://FrontierProd/CMS_CONDITIONS",
<       "label": "",
<       "tag": "L1GctChannelMask_CRAFT09v2_hlt",
<       "timeLookupPayloadIds": []
<     }
<   ],
<   "L1GctJetFinderParamsRcd": [
<     {
<       "connectionString": "frontier://FrontierProd/CMS_CONDITIONS",
<       "label": "",
<       "tag": "L1GctJetFinderParams_CRAFT09_hlt",
<       "timeLookupPayloadIds": []
<     }
<   ],
<   "L1GtBoardMapsRcd": [
<     {
<       "connectionString": "frontier://FrontierProd/CMS_CONDITIONS",
<       "label": "",
<       "tag": "L1GtBoardMaps_CRAFT09_hlt",
<       "timeLookupPayloadIds": []
<     }
<   ],
<   "L1GtParametersRcd": [
<     {
<       "connectionString": "frontier://FrontierProd/CMS_CONDITIONS",
<       "label": "",
<       "tag": "L1GtParameters_CRAFT09_hlt",
<       "timeLookupPayloadIds": []
<     }
<   ],
<   "L1GtPrescaleFactorsAlgoTrigRcd": [
<     {
<       "connectionString": "frontier://FrontierProd/CMS_CONDITIONS",
<       "label": "",
<       "tag": "L1GtPrescaleFactorsAlgoTrig_CRAFT09v2_hlt",
<       "timeLookupPayloadIds": []
<     }
<   ],
<   "L1GtPrescaleFactorsTechTrigRcd": [
<     {
<       "connectionString": "frontier://FrontierProd/CMS_CONDITIONS",
<       "label": "",
<       "tag": "L1GtPrescaleFactorsTechTrig_CRAFT09v2_hlt",
<       "timeLookupPayloadIds": []
<     }
<   ],
<   "L1GtPsbSetupRcd": [
<     {
<       "connectionString": "frontier://FrontierProd/CMS_CONDITIONS",
<       "label": "",
<       "tag": "L1GtPsbSetup_CRAFT09v2_hlt",
<       "timeLookupPayloadIds": []
<     }
<   ],
<   "L1GtStableParametersRcd": [
<     {
<       "connectionString": "frontier://FrontierProd/CMS_CONDITIONS",
<       "label": "",
<       "tag": "L1GtStableParameters_CRAFT09_hlt",
<       "timeLookupPayloadIds": []
<     }
<   ],
<   "L1GtTriggerMaskAlgoTrigRcd": [
<     {
<       "connectionString": "frontier://FrontierProd/CMS_CONDITIONS",
<       "label": "",
<       "tag": "L1GtTriggerMaskAlgoTrig_CRAFT09v2_hlt",
<       "timeLookupPayloadIds": []
<     }
<   ],
<   "L1GtTriggerMaskTechTrigRcd": [
<     {
<       "connectionString": "frontier://FrontierProd/CMS_CONDITIONS",
<       "label": "",
<       "tag": "L1GtTriggerMaskTechTrig_CRAFT09v2_hlt",
<       "timeLookupPayloadIds": []
<     }
<   ],
<   "L1GtTriggerMaskVetoAlgoTrigRcd": [
<     {
<       "connectionString": "frontier://FrontierProd/CMS_CONDITIONS",
<       "label": "",
<       "tag": "L1GtTriggerMaskVetoAlgoTrig_CRAFT09_hlt",
<       "timeLookupPayloadIds": []
<     }
<   ],
<   "L1GtTriggerMaskVetoTechTrigRcd": [
<     {
<       "connectionString": "frontier://FrontierProd/CMS_CONDITIONS",
<       "label": "",
<       "tag": "L1GtTriggerMaskVetoTechTrig_CRAFT09v2_hlt",
<       "timeLookupPayloadIds": []
<     }
<   ],
<   "L1GtTriggerMenuRcd": [
<     {
<       "connectionString": "frontier://FrontierProd/CMS_CONDITIONS",
<       "label": "",
<       "tag": "L1GtTriggerMenu_CRAFT09_hlt",
<       "timeLookupPayloadIds": []
<     }
<   ],
<   "L1HfRingEtScaleRcd": [
<     {
<       "connectionString": "frontier://FrontierProd/CMS_CONDITIONS",
<       "label": "",
<       "tag": "L1HfRingEtScale_CRAFT09_hlt",
<       "timeLookupPayloadIds": []
<     }
<   ],
<   "L1HtMissScaleRcd": [
<     {
<       "connectionString": "frontier://FrontierProd/CMS_CONDITIONS",
<       "label": "",
<       "tag": "L1HtMissScale_CRAFT09_hlt",
<       "timeLookupPayloadIds": []
<     }
<   ],
<   "L1JetEtScaleRcd": [
<     {
<       "connectionString": "frontier://FrontierProd/CMS_CONDITIONS",
<       "label": "",
<       "tag": "L1JetEtScale_CRAFT09_hlt",
<       "timeLookupPayloadIds": []
<     }
<   ],
<   "L1MuCSCPtLutRcd": [
<     {
<       "connectionString": "frontier://FrontierProd/CMS_CONDITIONS",
<       "label": "",
<       "tag": "L1MuCSCPtLut_CRAFT09v2_hlt",
<       "timeLookupPayloadIds": []
<     }
<   ],
<   "L1MuCSCTFAlignmentRcd": [
<     {
<       "connectionString": "frontier://FrontierProd/CMS_CONDITIONS",
<       "label": "",
<       "tag": "L1MuCSCTFAlignment_CRAFT09_hlt",
<       "timeLookupPayloadIds": []
<     }
<   ],
<   "L1MuCSCTFConfigurationRcd": [
<     {
<       "connectionString": "frontier://FrontierProd/CMS_CONDITIONS",
<       "label": "",
<       "tag": "L1MuCSCTFConfiguration_CRAFT09v4_hlt",
<       "timeLookupPayloadIds": []
<     }
<   ],
<   "L1MuDTEtaPatternLutRcd": [
<     {
<       "connectionString": "frontier://FrontierProd/CMS_CONDITIONS",
<       "label": "",
<       "tag": "L1MuDTEtaPatternLut_CRAFT09_hlt",
<       "timeLookupPayloadIds": []
<     }
<   ],
<   "L1MuDTExtLutRcd": [
<     {
<       "connectionString": "frontier://FrontierProd/CMS_CONDITIONS",
<       "label": "",
<       "tag": "L1MuDTExtLut_CRAFT09_hlt",
<       "timeLookupPayloadIds": []
<     }
<   ],
<   "L1MuDTPhiLutRcd": [
<     {
<       "connectionString": "frontier://FrontierProd/CMS_CONDITIONS",
<       "label": "",
<       "tag": "L1MuDTPhiLut_CRAFT09_hlt",
<       "timeLookupPayloadIds": []
<     }
<   ],
<   "L1MuDTPtaLutRcd": [
<     {
<       "connectionString": "frontier://FrontierProd/CMS_CONDITIONS",
<       "label": "",
<       "tag": "L1MuDTPtaLut_CRAFT09_hlt",
<       "timeLookupPayloadIds": []
<     }
<   ],
<   "L1MuDTQualPatternLutRcd": [
<     {
<       "connectionString": "frontier://FrontierProd/CMS_CONDITIONS",
<       "label": "",
<       "tag": "L1MuDTQualPatternLut_CRAFT09_hlt",
<       "timeLookupPayloadIds": []
<     }
<   ],
<   "L1MuDTTFMasksRcd": [
<     {
<       "connectionString": "frontier://FrontierProd/CMS_CONDITIONS",
<       "label": "",
<       "tag": "L1MuDTTFMasks_CRAFT09_hlt",
<       "timeLookupPayloadIds": []
<     }
<   ],
<   "L1MuDTTFParametersRcd": [
<     {
<       "connectionString": "frontier://FrontierProd/CMS_CONDITIONS",
<       "label": "",
<       "tag": "L1MuDTTFParameters_CRAFT09_hlt",
<       "timeLookupPayloadIds": []
<     }
<   ],
<   "L1MuGMTChannelMaskRcd": [
<     {
<       "connectionString": "frontier://FrontierProd/CMS_CONDITIONS",
<       "label": "",
<       "tag": "L1MuGMTChannelMask_CRAFT09_hlt",
<       "timeLookupPayloadIds": []
<     }
<   ],
<   "L1MuGMTParametersRcd": [
<     {
<       "connectionString": "frontier://FrontierProd/CMS_CONDITIONS",
<       "label": "",
<       "tag": "L1MuGMTParameters_CRAFT09_hlt",
<       "timeLookupPayloadIds": []
<     }
<   ],
<   "L1MuGMTScalesRcd": [
<     {
<       "connectionString": "frontier://FrontierProd/CMS_CONDITIONS",
<       "label": "",
<       "tag": "L1MuGMTScales_CRAFT09_hlt",
<       "timeLookupPayloadIds": []
<     }
<   ],
<   "L1MuTriggerPtScaleRcd": [
<     {
<       "connectionString": "frontier://FrontierProd/CMS_CONDITIONS",
<       "label": "",
<       "tag": "L1MuTriggerPtScale_CRAFT09_hlt",
<       "timeLookupPayloadIds": []
<     }
<   ],
<   "L1MuTriggerScalesRcd": [
<     {
<       "connectionString": "frontier://FrontierProd/CMS_CONDITIONS",
<       "label": "",
<       "tag": "L1MuTriggerScales_CRAFT09_hlt",
<       "timeLookupPayloadIds": []
<     }
<   ],
<   "L1RCTChannelMaskRcd": [
<     {
<       "connectionString": "frontier://FrontierProd/CMS_CONDITIONS",
<       "label": "",
<       "tag": "L1RCTChannelMask_CRAFT09v2_hlt",
<       "timeLookupPayloadIds": []
<     }
<   ],
<   "L1RCTNoisyChannelMaskRcd": [
<     {
<       "connectionString": "frontier://FrontierProd/CMS_CONDITIONS",
<       "label": "",
<       "tag": "L1RCTNoisyChannelMask_CRAFT09_hlt",
<       "timeLookupPayloadIds": []
<     }
<   ],
<   "L1RCTParametersRcd": [
<     {
<       "connectionString": "frontier://FrontierProd/CMS_CONDITIONS",
<       "label": "",
<       "tag": "L1RCTParameters_CRAFT09_hlt",
<       "timeLookupPayloadIds": []
<     }
<   ],
<   "L1RPCBxOrConfigRcd": [
<     {
<       "connectionString": "frontier://FrontierProd/CMS_CONDITIONS",
<       "label": "",
<       "tag": "L1RPCBxOrConfig_CRAFT09v3_hlt",
<       "timeLookupPayloadIds": []
<     }
<   ],
<   "L1RPCConeDefinitionRcd": [
<     {
<       "connectionString": "frontier://FrontierProd/CMS_CONDITIONS",
<       "label": "",
<       "tag": "L1RPCConeDefinition_CRAFT09v2_hlt",
<       "timeLookupPayloadIds": []
<     }
<   ],
<   "L1RPCConfigRcd": [
<     {
<       "connectionString": "frontier://FrontierProd/CMS_CONDITIONS",
<       "label": "",
<       "tag": "L1RPCConfig_CRAFT09v2_hlt",
<       "timeLookupPayloadIds": []
<     }
<   ],
<   "L1RPCHsbConfigRcd": [
<     {
<       "connectionString": "frontier://FrontierProd/CMS_CONDITIONS",
<       "label": "",
<       "tag": "L1RPCHsbConfig_CRAFT09v2_hlt",
<       "timeLookupPayloadIds": []
<     }
<   ],
<   "L1RPCHwConfigRcd": [
<     {
<       "connectionString": "frontier://FrontierProd/CMS_CONDITIONS",
<       "label": "",
<       "tag": "L1RPCHwConfig_v2_hlt",
<       "timeLookupPayloadIds": []
3494c1860
<       "tag": "LHCInfoPerFill_endFill_Run3_v2",
---
>       "tag": "LHCInfoPerFill_duringFill_hlt_v1",
3502,3518c1868
<       "tag": "LHCInfoPerLS_endFill_Run3_v3",
<       "timeLookupPayloadIds": []
<     }
<   ],
<   "LHCInfoRcd": [
<     {
<       "connectionString": "frontier://FrontierProd/CMS_CONDITIONS",
<       "label": "",
<       "tag": "LHCInfoEndFill_Run3_v0",
<       "timeLookupPayloadIds": []
<     }
<   ],
<   "LumiCorrectionsRcd": [
<     {
<       "connectionString": "frontier://FrontierProd/CMS_CONDITIONS",
<       "label": "",
<       "tag": "LumiPCC_Corrections_prompt",
---
>       "tag": "LHCInfoPerLS_duringFill_hlt_v1",
3645,3650d1994
<       "label": "",
<       "tag": "PFCalibration_express_prompt_v1",
<       "timeLookupPayloadIds": []
<     },
<     {
<       "connectionString": "frontier://FrontierProd/CMS_CONDITIONS",
3710c2054
<       "tag": "PPSDiamondSampicCalibration_Run3_v1_prompt",
---
>       "tag": "PPSDiamondSampicCalibration_Run3_v1_hlt",
3716c2060
<       "tag": "PPSDiamondTimingCalibration_Run3_v2_prompt",
---
>       "tag": "PPSDiamondTimingCalibration_Run3_v1_hlt",
3722c2066
<       "tag": "TotemTimingCalibration_prompt_v1",
---
>       "tag": "TotemTimingCalibration_express",
3748,4169d2091
<   "PhotonConversionMVAComputerRcd": [
<     {
<       "connectionString": "frontier://FrontierProd/CMS_CONDITIONS",
<       "label": "",
<       "tag": "EgammaMVA_v1_mc",
<       "timeLookupPayloadIds": []
<     }
<   ],
<   "PhysicsTFormulaPayloadRcd": [
<     {
<       "connectionString": "frontier://FrontierProd/CMS_CONDITIONS",
<       "label": "RecoTauTag_tauIdMVAIsoDBnewDMwLT_mvaOutput_normalization",
<       "tag": "RecoTauTag_tauIdMVAIsoDBnewDMwLT2017v2_mvaOutput_normalization",
<       "timeLookupPayloadIds": []
<     },
<     {
<       "connectionString": "frontier://FrontierProd/CMS_CONDITIONS",
<       "label": "RecoTauTag_tauIdMVAIsoDBoldDMdR0p3wLT_mvaOutput_normalization",
<       "tag": "RecoTauTag_tauIdMVAIsoDBoldDMdR0p3wLT2017v2_mvaOutput_normalization",
<       "timeLookupPayloadIds": []
<     },
<     {
<       "connectionString": "frontier://FrontierProd/CMS_CONDITIONS",
<       "label": "RecoTauTag_tauIdMVAIsoDBoldDMwLT_mvaOutput_normalization",
<       "tag": "RecoTauTag_tauIdMVAIsoDBoldDMwLT2017v2_mvaOutput_normalization",
<       "timeLookupPayloadIds": []
<     }
<   ],
<   "PhysicsTGraphPayloadRcd": [
<     {
<       "connectionString": "frontier://FrontierProd/CMS_CONDITIONS",
<       "label": "RecoTauTag_antiElectronMVA_NoEleMatch_wGwoGSF_BL_Loose",
<       "tag": "RecoTauTag_antiElectronMVA6v3_noeveto_gbr_NoEleMatch_wGwoGSF_BL_WPeff90",
<       "timeLookupPayloadIds": []
<     },
<     {
<       "connectionString": "frontier://FrontierProd/CMS_CONDITIONS",
<       "label": "RecoTauTag_antiElectronMVA_NoEleMatch_wGwoGSF_BL_Medium",
<       "tag": "RecoTauTag_antiElectronMVA6v3_noeveto_gbr_NoEleMatch_wGwoGSF_BL_WPeff80",
<       "timeLookupPayloadIds": []
<     },
<     {
<       "connectionString": "frontier://FrontierProd/CMS_CONDITIONS",
<       "label": "RecoTauTag_antiElectronMVA_NoEleMatch_wGwoGSF_BL_Tight",
<       "tag": "RecoTauTag_antiElectronMVA6v3_noeveto_gbr_NoEleMatch_wGwoGSF_BL_WPeff70",
<       "timeLookupPayloadIds": []
<     },
<     {
<       "connectionString": "frontier://FrontierProd/CMS_CONDITIONS",
<       "label": "RecoTauTag_antiElectronMVA_NoEleMatch_wGwoGSF_BL_VLoose",
<       "tag": "RecoTauTag_antiElectronMVA6v3_noeveto_gbr_NoEleMatch_wGwoGSF_BL_WPeff98",
<       "timeLookupPayloadIds": []
<     },
<     {
<       "connectionString": "frontier://FrontierProd/CMS_CONDITIONS",
<       "label": "RecoTauTag_antiElectronMVA_NoEleMatch_wGwoGSF_BL_VTight",
<       "tag": "RecoTauTag_antiElectronMVA6v3_noeveto_gbr_NoEleMatch_wGwoGSF_BL_WPeff60",
<       "timeLookupPayloadIds": []
<     },
<     {
<       "connectionString": "frontier://FrontierProd/CMS_CONDITIONS",
<       "label": "RecoTauTag_antiElectronMVA_NoEleMatch_wGwoGSF_EC_Loose",
<       "tag": "RecoTauTag_antiElectronMVA6v3_noeveto_gbr_NoEleMatch_wGwoGSF_EC_WPeff90",
<       "timeLookupPayloadIds": []
<     },
<     {
<       "connectionString": "frontier://FrontierProd/CMS_CONDITIONS",
<       "label": "RecoTauTag_antiElectronMVA_NoEleMatch_wGwoGSF_EC_Medium",
<       "tag": "RecoTauTag_antiElectronMVA6v3_noeveto_gbr_NoEleMatch_wGwoGSF_EC_WPeff80",
<       "timeLookupPayloadIds": []
<     },
<     {
<       "connectionString": "frontier://FrontierProd/CMS_CONDITIONS",
<       "label": "RecoTauTag_antiElectronMVA_NoEleMatch_wGwoGSF_EC_Tight",
<       "tag": "RecoTauTag_antiElectronMVA6v3_noeveto_gbr_NoEleMatch_wGwoGSF_EC_WPeff70",
<       "timeLookupPayloadIds": []
<     },
<     {
<       "connectionString": "frontier://FrontierProd/CMS_CONDITIONS",
<       "label": "RecoTauTag_antiElectronMVA_NoEleMatch_wGwoGSF_EC_VLoose",
<       "tag": "RecoTauTag_antiElectronMVA6v3_noeveto_gbr_NoEleMatch_wGwoGSF_EC_WPeff98",
<       "timeLookupPayloadIds": []
<     },
<     {
<       "connectionString": "frontier://FrontierProd/CMS_CONDITIONS",
<       "label": "RecoTauTag_antiElectronMVA_NoEleMatch_wGwoGSF_EC_VTight",
<       "tag": "RecoTauTag_antiElectronMVA6v3_noeveto_gbr_NoEleMatch_wGwoGSF_EC_WPeff60",
<       "timeLookupPayloadIds": []
<     },
<     {
<       "connectionString": "frontier://FrontierProd/CMS_CONDITIONS",
<       "label": "RecoTauTag_antiElectronMVA_NoEleMatch_woGwoGSF_BL_Loose",
<       "tag": "RecoTauTag_antiElectronMVA6v3_noeveto_gbr_NoEleMatch_woGwoGSF_BL_WPeff90",
<       "timeLookupPayloadIds": []
<     },
<     {
<       "connectionString": "frontier://FrontierProd/CMS_CONDITIONS",
<       "label": "RecoTauTag_antiElectronMVA_NoEleMatch_woGwoGSF_BL_Medium",
<       "tag": "RecoTauTag_antiElectronMVA6v3_noeveto_gbr_NoEleMatch_woGwoGSF_BL_WPeff80",
<       "timeLookupPayloadIds": []
<     },
<     {
<       "connectionString": "frontier://FrontierProd/CMS_CONDITIONS",
<       "label": "RecoTauTag_antiElectronMVA_NoEleMatch_woGwoGSF_BL_Tight",
<       "tag": "RecoTauTag_antiElectronMVA6v3_noeveto_gbr_NoEleMatch_woGwoGSF_BL_WPeff70",
<       "timeLookupPayloadIds": []
<     },
<     {
<       "connectionString": "frontier://FrontierProd/CMS_CONDITIONS",
<       "label": "RecoTauTag_antiElectronMVA_NoEleMatch_woGwoGSF_BL_VLoose",
<       "tag": "RecoTauTag_antiElectronMVA6v3_noeveto_gbr_NoEleMatch_woGwoGSF_BL_WPeff98",
<       "timeLookupPayloadIds": []
<     },
<     {
<       "connectionString": "frontier://FrontierProd/CMS_CONDITIONS",
<       "label": "RecoTauTag_antiElectronMVA_NoEleMatch_woGwoGSF_BL_VTight",
<       "tag": "RecoTauTag_antiElectronMVA6v3_noeveto_gbr_NoEleMatch_woGwoGSF_BL_WPeff60",
<       "timeLookupPayloadIds": []
<     },
<     {
<       "connectionString": "frontier://FrontierProd/CMS_CONDITIONS",
<       "label": "RecoTauTag_antiElectronMVA_NoEleMatch_woGwoGSF_EC_Loose",
<       "tag": "RecoTauTag_antiElectronMVA6v3_noeveto_gbr_NoEleMatch_woGwoGSF_EC_WPeff90",
<       "timeLookupPayloadIds": []
<     },
<     {
<       "connectionString": "frontier://FrontierProd/CMS_CONDITIONS",
<       "label": "RecoTauTag_antiElectronMVA_NoEleMatch_woGwoGSF_EC_Medium",
<       "tag": "RecoTauTag_antiElectronMVA6v3_noeveto_gbr_NoEleMatch_woGwoGSF_EC_WPeff80",
<       "timeLookupPayloadIds": []
<     },
<     {
<       "connectionString": "frontier://FrontierProd/CMS_CONDITIONS",
<       "label": "RecoTauTag_antiElectronMVA_NoEleMatch_woGwoGSF_EC_Tight",
<       "tag": "RecoTauTag_antiElectronMVA6v3_noeveto_gbr_NoEleMatch_woGwoGSF_EC_WPeff70",
<       "timeLookupPayloadIds": []
<     },
<     {
<       "connectionString": "frontier://FrontierProd/CMS_CONDITIONS",
<       "label": "RecoTauTag_antiElectronMVA_NoEleMatch_woGwoGSF_EC_VLoose",
<       "tag": "RecoTauTag_antiElectronMVA6v3_noeveto_gbr_NoEleMatch_woGwoGSF_EC_WPeff98",
<       "timeLookupPayloadIds": []
<     },
<     {
<       "connectionString": "frontier://FrontierProd/CMS_CONDITIONS",
<       "label": "RecoTauTag_antiElectronMVA_NoEleMatch_woGwoGSF_EC_VTight",
<       "tag": "RecoTauTag_antiElectronMVA6v3_noeveto_gbr_NoEleMatch_woGwoGSF_EC_WPeff60",
<       "timeLookupPayloadIds": []
<     },
<     {
<       "connectionString": "frontier://FrontierProd/CMS_CONDITIONS",
<       "label": "RecoTauTag_antiElectronMVA_wGwGSF_BL_Loose",
<       "tag": "RecoTauTag_antiElectronMVA6v3_noeveto_gbr_wGwGSF_BL_WPeff90",
<       "timeLookupPayloadIds": []
<     },
<     {
<       "connectionString": "frontier://FrontierProd/CMS_CONDITIONS",
<       "label": "RecoTauTag_antiElectronMVA_wGwGSF_BL_Medium",
<       "tag": "RecoTauTag_antiElectronMVA6v3_noeveto_gbr_wGwGSF_BL_WPeff80",
<       "timeLookupPayloadIds": []
<     },
<     {
<       "connectionString": "frontier://FrontierProd/CMS_CONDITIONS",
<       "label": "RecoTauTag_antiElectronMVA_wGwGSF_BL_Tight",
<       "tag": "RecoTauTag_antiElectronMVA6v3_noeveto_gbr_wGwGSF_BL_WPeff70",
<       "timeLookupPayloadIds": []
<     },
<     {
<       "connectionString": "frontier://FrontierProd/CMS_CONDITIONS",
<       "label": "RecoTauTag_antiElectronMVA_wGwGSF_BL_VLoose",
<       "tag": "RecoTauTag_antiElectronMVA6v3_noeveto_gbr_wGwGSF_BL_WPeff98",
<       "timeLookupPayloadIds": []
<     },
<     {
<       "connectionString": "frontier://FrontierProd/CMS_CONDITIONS",
<       "label": "RecoTauTag_antiElectronMVA_wGwGSF_BL_VTight",
<       "tag": "RecoTauTag_antiElectronMVA6v3_noeveto_gbr_wGwGSF_BL_WPeff60",
<       "timeLookupPayloadIds": []
<     },
<     {
<       "connectionString": "frontier://FrontierProd/CMS_CONDITIONS",
<       "label": "RecoTauTag_antiElectronMVA_wGwGSF_EC_Loose",
<       "tag": "RecoTauTag_antiElectronMVA6v3_noeveto_gbr_wGwGSF_EC_WPeff90",
<       "timeLookupPayloadIds": []
<     },
<     {
<       "connectionString": "frontier://FrontierProd/CMS_CONDITIONS",
<       "label": "RecoTauTag_antiElectronMVA_wGwGSF_EC_Medium",
<       "tag": "RecoTauTag_antiElectronMVA6v3_noeveto_gbr_wGwGSF_EC_WPeff80",
<       "timeLookupPayloadIds": []
<     },
<     {
<       "connectionString": "frontier://FrontierProd/CMS_CONDITIONS",
<       "label": "RecoTauTag_antiElectronMVA_wGwGSF_EC_Tight",
<       "tag": "RecoTauTag_antiElectronMVA6v3_noeveto_gbr_wGwGSF_EC_WPeff70",
<       "timeLookupPayloadIds": []
<     },
<     {
<       "connectionString": "frontier://FrontierProd/CMS_CONDITIONS",
<       "label": "RecoTauTag_antiElectronMVA_wGwGSF_EC_VLoose",
<       "tag": "RecoTauTag_antiElectronMVA6v3_noeveto_gbr_wGwGSF_EC_WPeff98",
<       "timeLookupPayloadIds": []
<     },
<     {
<       "connectionString": "frontier://FrontierProd/CMS_CONDITIONS",
<       "label": "RecoTauTag_antiElectronMVA_wGwGSF_EC_VTight",
<       "tag": "RecoTauTag_antiElectronMVA6v3_noeveto_gbr_wGwGSF_EC_WPeff60",
<       "timeLookupPayloadIds": []
<     },
<     {
<       "connectionString": "frontier://FrontierProd/CMS_CONDITIONS",
<       "label": "RecoTauTag_antiElectronMVA_woGwGSF_BL_Loose",
<       "tag": "RecoTauTag_antiElectronMVA6v3_noeveto_gbr_woGwGSF_BL_WPeff90",
<       "timeLookupPayloadIds": []
<     },
<     {
<       "connectionString": "frontier://FrontierProd/CMS_CONDITIONS",
<       "label": "RecoTauTag_antiElectronMVA_woGwGSF_BL_Medium",
<       "tag": "RecoTauTag_antiElectronMVA6v3_noeveto_gbr_woGwGSF_BL_WPeff80",
<       "timeLookupPayloadIds": []
<     },
<     {
<       "connectionString": "frontier://FrontierProd/CMS_CONDITIONS",
<       "label": "RecoTauTag_antiElectronMVA_woGwGSF_BL_Tight",
<       "tag": "RecoTauTag_antiElectronMVA6v3_noeveto_gbr_woGwGSF_BL_WPeff70",
<       "timeLookupPayloadIds": []
<     },
<     {
<       "connectionString": "frontier://FrontierProd/CMS_CONDITIONS",
<       "label": "RecoTauTag_antiElectronMVA_woGwGSF_BL_VLoose",
<       "tag": "RecoTauTag_antiElectronMVA6v3_noeveto_gbr_woGwGSF_BL_WPeff98",
<       "timeLookupPayloadIds": []
<     },
<     {
<       "connectionString": "frontier://FrontierProd/CMS_CONDITIONS",
<       "label": "RecoTauTag_antiElectronMVA_woGwGSF_BL_VTight",
<       "tag": "RecoTauTag_antiElectronMVA6v3_noeveto_gbr_woGwGSF_BL_WPeff60",
<       "timeLookupPayloadIds": []
<     },
<     {
<       "connectionString": "frontier://FrontierProd/CMS_CONDITIONS",
<       "label": "RecoTauTag_antiElectronMVA_woGwGSF_EC_Loose",
<       "tag": "RecoTauTag_antiElectronMVA6v3_noeveto_gbr_woGwGSF_EC_WPeff90",
<       "timeLookupPayloadIds": []
<     },
<     {
<       "connectionString": "frontier://FrontierProd/CMS_CONDITIONS",
<       "label": "RecoTauTag_antiElectronMVA_woGwGSF_EC_Medium",
<       "tag": "RecoTauTag_antiElectronMVA6v3_noeveto_gbr_woGwGSF_EC_WPeff80",
<       "timeLookupPayloadIds": []
<     },
<     {
<       "connectionString": "frontier://FrontierProd/CMS_CONDITIONS",
<       "label": "RecoTauTag_antiElectronMVA_woGwGSF_EC_Tight",
<       "tag": "RecoTauTag_antiElectronMVA6v3_noeveto_gbr_woGwGSF_EC_WPeff70",
<       "timeLookupPayloadIds": []
<     },
<     {
<       "connectionString": "frontier://FrontierProd/CMS_CONDITIONS",
<       "label": "RecoTauTag_antiElectronMVA_woGwGSF_EC_VLoose",
<       "tag": "RecoTauTag_antiElectronMVA6v3_noeveto_gbr_woGwGSF_EC_WPeff98",
<       "timeLookupPayloadIds": []
<     },
<     {
<       "connectionString": "frontier://FrontierProd/CMS_CONDITIONS",
<       "label": "RecoTauTag_antiElectronMVA_woGwGSF_EC_VTight",
<       "tag": "RecoTauTag_antiElectronMVA6v3_noeveto_gbr_woGwGSF_EC_WPeff60",
<       "timeLookupPayloadIds": []
<     },
<     {
<       "connectionString": "frontier://FrontierProd/CMS_CONDITIONS",
<       "label": "RecoTauTag_tauIdMVAIsoDBnewDMwLT_Loose",
<       "tag": "RecoTauTag_tauIdMVAIsoDBnewDMwLT2017v2_WPEff80",
<       "timeLookupPayloadIds": []
<     },
<     {
<       "connectionString": "frontier://FrontierProd/CMS_CONDITIONS",
<       "label": "RecoTauTag_tauIdMVAIsoDBnewDMwLT_Medium",
<       "tag": "RecoTauTag_tauIdMVAIsoDBnewDMwLT2017v2_WPEff70",
<       "timeLookupPayloadIds": []
<     },
<     {
<       "connectionString": "frontier://FrontierProd/CMS_CONDITIONS",
<       "label": "RecoTauTag_tauIdMVAIsoDBnewDMwLT_Tight",
<       "tag": "RecoTauTag_tauIdMVAIsoDBnewDMwLT2017v2_WPEff60",
<       "timeLookupPayloadIds": []
<     },
<     {
<       "connectionString": "frontier://FrontierProd/CMS_CONDITIONS",
<       "label": "RecoTauTag_tauIdMVAIsoDBnewDMwLT_VLoose",
<       "tag": "RecoTauTag_tauIdMVAIsoDBnewDMwLT2017v2_WPEff90",
<       "timeLookupPayloadIds": []
<     },
<     {
<       "connectionString": "frontier://FrontierProd/CMS_CONDITIONS",
<       "label": "RecoTauTag_tauIdMVAIsoDBnewDMwLT_VTight",
<       "tag": "RecoTauTag_tauIdMVAIsoDBnewDMwLT2017v2_WPEff50",
<       "timeLookupPayloadIds": []
<     },
<     {
<       "connectionString": "frontier://FrontierProd/CMS_CONDITIONS",
<       "label": "RecoTauTag_tauIdMVAIsoDBnewDMwLT_VVLoose",
<       "tag": "RecoTauTag_tauIdMVAIsoDBnewDMwLT2017v2_WPEff95",
<       "timeLookupPayloadIds": []
<     },
<     {
<       "connectionString": "frontier://FrontierProd/CMS_CONDITIONS",
<       "label": "RecoTauTag_tauIdMVAIsoDBnewDMwLT_VVTight",
<       "tag": "RecoTauTag_tauIdMVAIsoDBnewDMwLT2017v2_WPEff40",
<       "timeLookupPayloadIds": []
<     },
<     {
<       "connectionString": "frontier://FrontierProd/CMS_CONDITIONS",
<       "label": "RecoTauTag_tauIdMVAIsoDBoldDMdR0p3wLT_Loose",
<       "tag": "RecoTauTag_tauIdMVAIsoDBoldDMdR0p3wLT2017v2_WPEff80",
<       "timeLookupPayloadIds": []
<     },
<     {
<       "connectionString": "frontier://FrontierProd/CMS_CONDITIONS",
<       "label": "RecoTauTag_tauIdMVAIsoDBoldDMdR0p3wLT_Medium",
<       "tag": "RecoTauTag_tauIdMVAIsoDBoldDMdR0p3wLT2017v2_WPEff70",
<       "timeLookupPayloadIds": []
<     },
<     {
<       "connectionString": "frontier://FrontierProd/CMS_CONDITIONS",
<       "label": "RecoTauTag_tauIdMVAIsoDBoldDMdR0p3wLT_Tight",
<       "tag": "RecoTauTag_tauIdMVAIsoDBoldDMdR0p3wLT2017v2_WPEff60",
<       "timeLookupPayloadIds": []
<     },
<     {
<       "connectionString": "frontier://FrontierProd/CMS_CONDITIONS",
<       "label": "RecoTauTag_tauIdMVAIsoDBoldDMdR0p3wLT_VLoose",
<       "tag": "RecoTauTag_tauIdMVAIsoDBoldDMdR0p3wLT2017v2_WPEff90",
<       "timeLookupPayloadIds": []
<     },
<     {
<       "connectionString": "frontier://FrontierProd/CMS_CONDITIONS",
<       "label": "RecoTauTag_tauIdMVAIsoDBoldDMdR0p3wLT_VTight",
<       "tag": "RecoTauTag_tauIdMVAIsoDBoldDMdR0p3wLT2017v2_WPEff50",
<       "timeLookupPayloadIds": []
<     },
<     {
<       "connectionString": "frontier://FrontierProd/CMS_CONDITIONS",
<       "label": "RecoTauTag_tauIdMVAIsoDBoldDMdR0p3wLT_VVLoose",
<       "tag": "RecoTauTag_tauIdMVAIsoDBoldDMdR0p3wLT2017v2_WPEff95",
<       "timeLookupPayloadIds": []
<     },
<     {
<       "connectionString": "frontier://FrontierProd/CMS_CONDITIONS",
<       "label": "RecoTauTag_tauIdMVAIsoDBoldDMdR0p3wLT_VVTight",
<       "tag": "RecoTauTag_tauIdMVAIsoDBoldDMdR0p3wLT2017v2_WPEff40",
<       "timeLookupPayloadIds": []
<     },
<     {
<       "connectionString": "frontier://FrontierProd/CMS_CONDITIONS",
<       "label": "RecoTauTag_tauIdMVAIsoDBoldDMwLT_Loose",
<       "tag": "RecoTauTag_tauIdMVAIsoDBoldDMwLT2017v2_WPEff80",
<       "timeLookupPayloadIds": []
<     },
<     {
<       "connectionString": "frontier://FrontierProd/CMS_CONDITIONS",
<       "label": "RecoTauTag_tauIdMVAIsoDBoldDMwLT_Medium",
<       "tag": "RecoTauTag_tauIdMVAIsoDBoldDMwLT2017v2_WPEff70",
<       "timeLookupPayloadIds": []
<     },
<     {
<       "connectionString": "frontier://FrontierProd/CMS_CONDITIONS",
<       "label": "RecoTauTag_tauIdMVAIsoDBoldDMwLT_Tight",
<       "tag": "RecoTauTag_tauIdMVAIsoDBoldDMwLT2017v2_WPEff60",
<       "timeLookupPayloadIds": []
<     },
<     {
<       "connectionString": "frontier://FrontierProd/CMS_CONDITIONS",
<       "label": "RecoTauTag_tauIdMVAIsoDBoldDMwLT_VLoose",
<       "tag": "RecoTauTag_tauIdMVAIsoDBoldDMwLT2017v2_WPEff90",
<       "timeLookupPayloadIds": []
<     },
<     {
<       "connectionString": "frontier://FrontierProd/CMS_CONDITIONS",
<       "label": "RecoTauTag_tauIdMVAIsoDBoldDMwLT_VTight",
<       "tag": "RecoTauTag_tauIdMVAIsoDBoldDMwLT2017v2_WPEff50",
<       "timeLookupPayloadIds": []
<     },
<     {
<       "connectionString": "frontier://FrontierProd/CMS_CONDITIONS",
<       "label": "RecoTauTag_tauIdMVAIsoDBoldDMwLT_VVLoose",
<       "tag": "RecoTauTag_tauIdMVAIsoDBoldDMwLT2017v2_WPEff95",
<       "timeLookupPayloadIds": []
<     },
<     {
<       "connectionString": "frontier://FrontierProd/CMS_CONDITIONS",
<       "label": "RecoTauTag_tauIdMVAIsoDBoldDMwLT_VVTight",
<       "tag": "RecoTauTag_tauIdMVAIsoDBoldDMwLT2017v2_WPEff40",
<       "timeLookupPayloadIds": []
<     }
<   ],
<   "QGLikelihoodRcd": [
<     {
<       "connectionString": "frontier://FrontierProd/CMS_CONDITIONS",
<       "label": "QGL_AK4PF",
<       "tag": "QGLikelihoodObject_v1_AK4PF",
<       "timeLookupPayloadIds": []
<     },
<     {
<       "connectionString": "frontier://FrontierProd/CMS_CONDITIONS",
<       "label": "QGL_AK4PF_antib",
<       "tag": "QGLikelihoodObject_v1_AK4PF_antib",
<       "timeLookupPayloadIds": []
<     },
<     {
<       "connectionString": "frontier://FrontierProd/CMS_CONDITIONS",
<       "label": "QGL_AK4PFchs",
<       "tag": "QGLikelihoodObject_v1_AK4PFchs",
<       "timeLookupPayloadIds": []
<     },
<     {
<       "connectionString": "frontier://FrontierProd/CMS_CONDITIONS",
<       "label": "QGL_AK4PFchs_antib",
<       "tag": "QGLikelihoodObject_v1_AK4PFchs_antib",
<       "timeLookupPayloadIds": []
<     }
<   ],
4174c2096
<       "tag": "RPCCPPFLinkMap_L1T_v1_update_v2",
---
>       "tag": "RPCCPPFLinkMap_L1T_v1_update_v2_hlt",
4254c2176
<       "tag": "CTPPSRPAlignment_real_Run3_v2_prompt",
---
>       "tag": "CTPPSRPAlignment_real_Run3_v4_hlt",
4262c2184
<       "tag": "runinfo_31X_hlt",
---
>       "tag": "runinfo_start_31X_hlt",
4265c2187
<           "payloadId": "7f679e0ad4355e307ccf7c9f8da8c4f291045eaa",
---
>           "payloadId": "b1fd2d0ddaa30e6dd964c7cfc3cc0fafc23d23d0",
4276c2198
<       "tag": "SiPixel2DTemplateDBObject_38T_v1_prompt",
---
>       "tag": "SiPixel2DTemplateDBObject_38T_v1_hlt",
4300c2222
<       "tag": "SiPixelGainCalibrationHLT_2009runs_prompt",
---
>       "tag": "SiPixelGainCalibrationHLT_2009runs_hlt",
4308c2230
<       "tag": "SiPixelGainCalibration_2009runs_prompt_v1",
---
>       "tag": "SiPixelGainCalibration_2009runs_hlt",
4316c2238
<       "tag": "SiPixelGenErrorDBObject_38T_v1_prompt",
---
>       "tag": "SiPixelGenErrorDBObject_38T_v2_hlt",
4324c2246
<       "tag": "SiPixelLorentzAngle_v1_prompt",
---
>       "tag": "SiPixelLorentzAngle_2009_v1_hlt",
4330c2252
<       "tag": "SiPixelLorentzAngle_forWidth_v1_express",
---
>       "tag": "SiPixelLorentzAngle_forWidth_v1_hlt",
4336c2258
<       "tag": "SiPixelLorentzAngle_fromAlignment_v1_express",
---
>       "tag": "SiPixelLorentzAngle_fromAlignment_v1_hlt",
4344c2266
<       "tag": "SiPixelQuality_byPCL_prompt_v2",
---
>       "tag": "SiPixelQuality_v03_dup_hlt",
4358c2280
<       "tag": "SiPixelTemplateDBObject_38T_v1_prompt",
---
>       "tag": "SiPixelTemplateDBObject38Tv2_hlt",
4364c2286
<       "tag": "SiPixelTemplateDBObject_0T_v1_express",
---
>       "tag": "SiPixelTemplateDBObject_0T_v1_hlt",
4372c2294
<       "tag": "SiStripApvGain_FromParticles_GR10_v1_express",
---
>       "tag": "SiStripApvGain_FromParticles_GR10_v1_hlt",
4388c2310
<       "tag": "SiStripBackPlaneCorrection_deco_GR10_v1_express",
---
>       "tag": "SiStripBackPlaneCorrection_deco_GR10_v1_hlt",
4402c2324
<       "tag": "SiStripBadChannel_FromOnline_v1_prompt",
---
>       "tag": "SiStripBadChannel_FromOnline_GR10_v1_hlt",
4410c2332
<       "tag": "SiStripBadChannel_FromOfflineCalibration_GR10_v1_prompt",
---
>       "tag": "SiStripBadChannel_FromOfflineCalibration_GR10_v1_hlt",
4418c2340
<       "tag": "SiStripBadChannel_FromOfflineAnalysis_GR10_v1_express",
---
>       "tag": "SiStripBadChannel_FromOfflineAnalysis_GR10_v1_hlt",
4426c2348
<       "tag": "SiStripBadChannel_FromPromptReaction_GR10_v1_express",
---
>       "tag": "SiStripBadChannel_FromPromptReaction_GR10_v1_hlt",
4434c2356
<       "tag": "SiStripClusterThreshold_GR10_v1_express",
---
>       "tag": "SiStripClusterThreshold_GR10_v1_hlt",
4442c2364
<       "tag": "SiStripShiftAndCrosstalk_GR10_v1_express",
---
>       "tag": "SiStripShiftAndCrosstalk_GR10_v1_hlt",
4452,4467d2373
<   "SiStripDeDxElectron_3D_Rcd": [
<     {
<       "connectionString": "frontier://FrontierProd/CMS_CONDITIONS",
<       "label": "",
<       "tag": "SiStripDeDxElectron_3D_30X",
<       "timeLookupPayloadIds": []
<     }
<   ],
<   "SiStripDeDxKaon_3D_Rcd": [
<     {
<       "connectionString": "frontier://FrontierProd/CMS_CONDITIONS",
<       "label": "",
<       "tag": "SiStripDeDxKaon_3D_30X",
<       "timeLookupPayloadIds": []
<     }
<   ],
4476,4491d2381
<   "SiStripDeDxPion_3D_Rcd": [
<     {
<       "connectionString": "frontier://FrontierProd/CMS_CONDITIONS",
<       "label": "",
<       "tag": "SiStripDeDxPion_3D_30X",
<       "timeLookupPayloadIds": []
<     }
<   ],
<   "SiStripDeDxProton_3D_Rcd": [
<     {
<       "connectionString": "frontier://FrontierProd/CMS_CONDITIONS",
<       "label": "",
<       "tag": "SiStripDeDxProton_3D_30X",
<       "timeLookupPayloadIds": []
<     }
<   ],
4496c2386
<       "tag": "SiStripDetVOff_v6_prompt",
---
>       "tag": "SiStripDetVOff_GR10_v1_hlt",
4504c2394
<       "tag": "SiStripFedCabling_v1_prompt",
---
>       "tag": "SiStripFedCabling_GR10_v1_hlt",
4512c2402
<       "tag": "SiStripLatency_v2_prompt",
---
>       "tag": "SiStripLatency_GR10_v2_hlt",
4520c2410
<       "tag": "SiStripLorentzAngleDeco_GR10_v1_prompt",
---
>       "tag": "SiStripLorentzAngleDeco_GR10_v1_hlt",
4526c2416
<       "tag": "SiStripLorentzAnglePeak_GR10_v1_prompt",
---
>       "tag": "SiStripLorentzAnglePeak_GR10_v1_hlt",
4534c2424
<       "tag": "SiStripNoise_v2_prompt",
---
>       "tag": "SiStripNoise_GR10_v1_hlt",
4542c2432
<       "tag": "SiStripPedestals_v2_prompt",
---
>       "tag": "SiStripPedestals_GR10_v2_hlt",
4550,4564c2440
<       "tag": "SiStripThreshold_v1_prompt",
<       "timeLookupPayloadIds": []
<     }
<   ],
<   "TauTagMVAComputerRcd": [
<     {
<       "connectionString": "frontier://FrontierProd/CMS_CONDITIONS",
<       "label": "",
<       "tag": "TauNeuralClassifier_v1_mc",
<       "timeLookupPayloadIds": []
<     },
<     {
<       "connectionString": "frontier://FrontierProd/CMS_CONDITIONS",
<       "label": "hpstanc",
<       "tag": "MVAComputerContainer_hpstanc_v1",
---
>       "tag": "SiStripThreshold_GR10_v1_hlt",
4606c2482
<       "tag": "TrackerAlignmentExtendedErr_2009_v2_express_IOVs",
---
>       "tag": "TrackerAlignmentExtendedErr_2009_v2_hlt_IOVs",
4614c2490
<       "tag": "TrackerAlignment_PCL_byRun_v2_express",
---
>       "tag": "TrackerAlignment_PCL_byRun_v0_hlt",
4622c2498
<       "tag": "TrackerSurafceDeformations_v1_express",
---
>       "tag": "TrackerSurafceDeformations_v1_hlt",
